[11-Feb-2020 15:56:49 UTC] PHP Warning:  Invalid argument supplied for foreach() in /Users/development/Local Sites/cajunsteamer/app/public/wp-content/mu-plugins/wpengine-common/plugin.php on line 1073
[11-Feb-2020 15:56:49 UTC] PHP Stack trace:
[11-Feb-2020 15:56:49 UTC] PHP   1. shutdown_action_hook() /Users/development/Local Sites/cajunsteamer/app/public/wp-includes/load.php:0
[11-Feb-2020 15:56:49 UTC] PHP   2. do_action() /Users/development/Local Sites/cajunsteamer/app/public/wp-includes/load.php:947
[11-Feb-2020 15:56:49 UTC] PHP   3. WP_Hook->do_action() /Users/development/Local Sites/cajunsteamer/app/public/wp-includes/plugin.php:478
[11-Feb-2020 15:56:49 UTC] PHP   4. WP_Hook->apply_filters() /Users/development/Local Sites/cajunsteamer/app/public/wp-includes/class-wp-hook.php:312
[11-Feb-2020 15:56:49 UTC] PHP   5. wp_ob_end_flush_all() /Users/development/Local Sites/cajunsteamer/app/public/wp-includes/class-wp-hook.php:288
[11-Feb-2020 15:56:49 UTC] PHP   6. ob_end_flush() /Users/development/Local Sites/cajunsteamer/app/public/wp-includes/functions.php:4552
[11-Feb-2020 15:56:49 UTC] PHP   7. WpeCommon->filter_html_output() /Users/development/Local Sites/cajunsteamer/app/public/wp-includes/functions.php:4552
[11-Feb-2020 15:56:52 UTC] PHP Warning:  Invalid argument supplied for foreach() in /Users/development/Local Sites/cajunsteamer/app/public/wp-content/mu-plugins/wpengine-common/plugin.php on line 1073
[11-Feb-2020 15:56:52 UTC] PHP Stack trace:
[11-Feb-2020 15:56:52 UTC] PHP   1. shutdown_action_hook() /Users/development/Local Sites/cajunsteamer/app/public/wp-includes/load.php:0
[11-Feb-2020 15:56:52 UTC] PHP   2. do_action() /Users/development/Local Sites/cajunsteamer/app/public/wp-includes/load.php:947
[11-Feb-2020 15:56:52 UTC] PHP   3. WP_Hook->do_action() /Users/development/Local Sites/cajunsteamer/app/public/wp-includes/plugin.php:478
[11-Feb-2020 15:56:52 UTC] PHP   4. WP_Hook->apply_filters() /Users/development/Local Sites/cajunsteamer/app/public/wp-includes/class-wp-hook.php:312
[11-Feb-2020 15:56:52 UTC] PHP   5. wp_ob_end_flush_all() /Users/development/Local Sites/cajunsteamer/app/public/wp-includes/class-wp-hook.php:288
[11-Feb-2020 15:56:52 UTC] PHP   6. ob_end_flush() /Users/development/Local Sites/cajunsteamer/app/public/wp-includes/functions.php:4552
[11-Feb-2020 15:56:52 UTC] PHP   7. WpeCommon->filter_html_output() /Users/development/Local Sites/cajunsteamer/app/public/wp-includes/functions.php:4552
[11-Feb-2020 15:57:01 UTC] PHP Warning:  Invalid argument supplied for foreach() in /Users/development/Local Sites/cajunsteamer/app/public/wp-content/mu-plugins/wpengine-common/plugin.php on line 1073
[11-Feb-2020 15:57:01 UTC] PHP Stack trace:
[11-Feb-2020 15:57:01 UTC] PHP   1. shutdown_action_hook() /Users/development/Local Sites/cajunsteamer/app/public/wp-includes/load.php:0
[11-Feb-2020 15:57:01 UTC] PHP   2. do_action() /Users/development/Local Sites/cajunsteamer/app/public/wp-includes/load.php:947
[11-Feb-2020 15:57:01 UTC] PHP   3. WP_Hook->do_action() /Users/development/Local Sites/cajunsteamer/app/public/wp-includes/plugin.php:478
[11-Feb-2020 15:57:01 UTC] PHP   4. WP_Hook->apply_filters() /Users/development/Local Sites/cajunsteamer/app/public/wp-includes/class-wp-hook.php:312
[11-Feb-2020 15:57:01 UTC] PHP   5. wp_ob_end_flush_all() /Users/development/Local Sites/cajunsteamer/app/public/wp-includes/class-wp-hook.php:288
[11-Feb-2020 15:57:01 UTC] PHP   6. ob_end_flush() /Users/development/Local Sites/cajunsteamer/app/public/wp-includes/functions.php:4552
[11-Feb-2020 15:57:01 UTC] PHP   7. WpeCommon->filter_html_output() /Users/development/Local Sites/cajunsteamer/app/public/wp-includes/functions.php:4552
[11-Feb-2020 15:58:53 UTC] auditor:event=wp_login {"user_id":9,"blog_id":1,"event":"wp_login","current_user_id":0,"remote_addr":"127.0.0.1"}
[11-Feb-2020 15:58:53 UTC] auditor:scan=fingerprint {"blog_id":1,"kind":"mu-plugin","name":"WP Engine System","slug":"mu-plugin.php","ver":"3.2.2","sig":"v1:0610b6df432114ceed9e12ead1914c19af6dd6bf91bbb3ad4cabf5ebbc9502d5"}
[11-Feb-2020 15:58:53 UTC] auditor:scan=fingerprint {"blog_id":1,"kind":"mu-plugin","name":"Force Strong Passwords - WPE Edition","slug":"slt-force-strong-passwords.php","ver":"1.6.4","sig":"v1:47cdb56f45d33c73a1a9ff15e35dd71ea72a79b728c1b5f608b7b84906bb9e70"}
[11-Feb-2020 15:58:53 UTC] auditor:scan=fingerprint {"blog_id":1,"kind":"mu-plugin","name":"WP Engine Seamless Login Plugin","slug":"wpe-wp-sign-on-plugin.php","ver":"1.4.0","sig":"v1:d56e936b9eba34c4c6adf1e7ba6d751b7512bce129a822a9b6c0a82e4f483f73"}
[11-Feb-2020 15:58:53 UTC] auditor:scan=fingerprint {"blog_id":1,"kind":"mu-plugin","name":"WP Engine Security Auditor","slug":"wpengine-security-auditor.php","ver":"1.0.8","sig":"v1:cd2e068d3967655c0e34da64c8789c7a4c0a94e931f328a00c4ccc857d3c3f28"}
[11-Feb-2020 15:58:53 UTC] auditor:scan=fingerprint {"blog_id":1,"kind":"active-plugin","name":"InfiniteWP - Client","slug":"iwp-client/init.php","ver":"1.9.4.5","sig":"v1:9cd99d8d6a092472f283918ff15b62fe39073776e9875eb70a7e58f40d822fa8"}
[11-Feb-2020 15:58:53 UTC] auditor:scan=fingerprint {"blog_id":1,"kind":"active-plugin","name":"LayerSlider WP","slug":"LayerSlider/layerslider.php","ver":"5.1.1","sig":"v1:b94baa1f3a20b149c3e4194b91cbefdfd5a6fae7729f6b19394727e49bbd562c"}
[11-Feb-2020 15:58:53 UTC] auditor:scan=fingerprint {"blog_id":1,"kind":"active-plugin","name":"Advanced Custom Fields","slug":"advanced-custom-fields/acf.php","ver":"5.7.12","sig":"v1:843203ce6d7b0224256d96692b15082c5519c33f8f6e8a79a08a6ac09d0bb895"}
[11-Feb-2020 15:58:53 UTC] auditor:scan=fingerprint {"blog_id":1,"kind":"active-plugin","name":"Contact Form 7 Honeypot","slug":"contact-form-7-honeypot/honeypot.php","ver":"1.14","sig":"v1:69f8c8db547377398446257081cfcedf044e1e8fcfb97ff2bed853068ad9663c"}
[11-Feb-2020 15:58:53 UTC] auditor:scan=fingerprint {"blog_id":1,"kind":"active-plugin","name":"Contact Form 7 MailChimp Extension","slug":"contact-form-7-mailchimp-extension/cf7-mch-ext.php","ver":"0.4.51","sig":"v1:e64847e5dee3aede1b122fdffab078280f84b58d12202d2a2164a1d65b6f3608"}
[11-Feb-2020 15:58:53 UTC] auditor:scan=fingerprint {"blog_id":1,"kind":"active-plugin","name":"Contact Form 7","slug":"contact-form-7/wp-contact-form-7.php","ver":"5.1.1","sig":"v1:a24bf94104c9027656c04f8fa05d545f14015ee8581f57395e66b199f352a66f"}
[11-Feb-2020 15:58:53 UTC] auditor:scan=fingerprint {"blog_id":1,"kind":"active-plugin","name":"Easy Foundation Shortcodes","slug":"easy-foundation-shortcodes/osc_foundation_shortcode.php","ver":"2.5.0","sig":"v1:f034a439fbccb736217916e5ae0804e00d0b6401f089af865b3c36a14d5a4fdc"}
[11-Feb-2020 15:58:53 UTC] auditor:scan=fingerprint {"blog_id":1,"kind":"active-plugin","name":"The Events Calendar PRO","slug":"events-calendar-pro/events-calendar-pro.php","ver":"4.4.13","sig":"v1:b553dff485340bbf91a0ff5d13f8399c1c0290150483760231679f45a57cc58b"}
[11-Feb-2020 15:58:53 UTC] auditor:scan=fingerprint {"blog_id":1,"kind":"active-plugin","name":"Google Analytics","slug":"googleanalytics/googleanalytics.php","ver":"2.1.5","sig":"v1:280d5944a5de28668b795bbae0b61566c8175f7724079ab46225dc3a6d57a0ba"}
[11-Feb-2020 15:58:53 UTC] auditor:scan=fingerprint {"blog_id":1,"kind":"active-plugin","name":"MapPress Maps for WordPress","slug":"mappress-google-maps-for-wordpress/mappress.php","ver":"2.53","sig":"v1:9caf3a14cf6b76e911f057a73b3537f37094c7abfcad1604bee7e60fdb4b9d59"}
[11-Feb-2020 15:58:53 UTC] auditor:scan=fingerprint {"blog_id":1,"kind":"active-plugin","name":"Nav Menu Images","slug":"nav-menu-images/nav-menu-images.php","ver":"3.4","sig":"v1:34ed372e6a9e85b4e0b192851c55c8a50ee52e255bad9e6e47c6836c4074cc9b"}
[11-Feb-2020 15:58:53 UTC] auditor:scan=fingerprint {"blog_id":1,"kind":"active-plugin","name":"Really Simple CAPTCHA","slug":"really-simple-captcha/really-simple-captcha.php","ver":"2.0.1","sig":"v1:762f1b025d41548c8054e01b31f072864a4d7037964c164b516d9876f68096df"}
[11-Feb-2020 15:58:53 UTC] auditor:scan=fingerprint {"blog_id":1,"kind":"active-plugin","name":"The Events Calendar","slug":"the-events-calendar/the-events-calendar.php","ver":"4.8.2","sig":"v1:5547eba8a3cf09c81d974d118676d8fb9d1611439fab7ec1b0aed3ef00f68e0b"}
[11-Feb-2020 15:58:54 UTC] auditor:scan=fingerprint {"blog_id":1,"kind":"installed-plugin","name":"Advanced Post Manager","slug":"advanced-post-manager/tribe-apm.php","ver":"4.5","sig":"v1:d02422ca49c8160857594835f6b13206c2c134fc257d471e94b5491c5f574820"}
[11-Feb-2020 15:58:54 UTC] auditor:scan=fingerprint {"blog_id":1,"kind":"installed-plugin","name":"Akismet Anti-Spam","slug":"akismet/akismet.php","ver":"4.1.1","sig":"v1:041e64fdf26ce30444db7e042a032b5844535c9542d7558789f81bca1f705b2f"}
[11-Feb-2020 15:58:54 UTC] auditor:scan=fingerprint {"blog_id":1,"kind":"installed-plugin","name":"Menu Image","slug":"menu-image/menu-image.php","ver":"2.9.1","sig":"v1:6cf556e61849ef0840899def82790473304a1be26b40238dee9eb7fd3c8cee9d"}
[11-Feb-2020 15:58:54 UTC] auditor:scan=fingerprint {"blog_id":1,"kind":"installed-plugin","name":"New RoyalSlider","slug":"new-royalslider/newroyalslider.php","ver":"3.2.2","sig":"v1:46f76112154b1e48472ea027de7c64678add1ac99967209ccd478d09f38f9f8b"}
[11-Feb-2020 15:58:54 UTC] auditor:scan=fingerprint {"blog_id":1,"kind":"installed-plugin","name":"Photo Gallery","slug":"photo-gallery/photo-gallery.php","ver":"1.5.19","sig":"v1:32dbe442f954a8ef439d49926e1866a8e7ed35d79892731c209d66675ef9b4cc"}
[11-Feb-2020 15:58:54 UTC] auditor:scan=fingerprint {"blog_id":1,"kind":"installed-plugin","name":"WP Migrate DB Pro","slug":"wp-migrate-db-pro/wp-migrate-db-pro.php","ver":"1.6","sig":"v1:8c81df11b1cbda4a8476ec7fa4492844f7c90a315c6cd28030239d7647e2a3af"}
[11-Feb-2020 15:58:54 UTC] PHP Warning:  A non-numeric value encountered in /Users/development/Local Sites/cajunsteamer/app/public/wp-content/plugins/events-calendar-pro/src/Tribe/Recurrence/Meta.php on line 1097
[11-Feb-2020 15:58:54 UTC] PHP Stack trace:
[11-Feb-2020 15:58:54 UTC] PHP   1. {main}() /Users/development/Local Sites/cajunsteamer/app/public/wp-cron.php:0
[11-Feb-2020 15:58:54 UTC] PHP   2. do_action_ref_array() /Users/development/Local Sites/cajunsteamer/app/public/wp-cron.php:138
[11-Feb-2020 15:58:54 UTC] PHP   3. WP_Hook->do_action() /Users/development/Local Sites/cajunsteamer/app/public/wp-includes/plugin.php:544
[11-Feb-2020 15:58:54 UTC] PHP   4. WP_Hook->apply_filters() /Users/development/Local Sites/cajunsteamer/app/public/wp-includes/class-wp-hook.php:312
[11-Feb-2020 15:58:54 UTC] PHP   5. Tribe__Events__Pro__Recurrence__Scheduler->schedule_future_recurring_events() /Users/development/Local Sites/cajunsteamer/app/public/wp-includes/class-wp-hook.php:286
[11-Feb-2020 15:58:54 UTC] PHP   6. Tribe__Events__Pro__Recurrence__Meta::save_pending_events() /Users/development/Local Sites/cajunsteamer/app/public/wp-content/plugins/events-calendar-pro/src/Tribe/Recurrence/Scheduler.php:110
[11-Feb-2020 15:58:54 UTC] PHP   7. Tribe__Events__Pro__Recurrence__Meta::get_recurrence_for_event() /Users/development/Local Sites/cajunsteamer/app/public/wp-content/plugins/events-calendar-pro/src/Tribe/Recurrence/Meta.php:999
[11-Feb-2020 15:58:54 UTC] PHP Warning:  A non-numeric value encountered in /Users/development/Local Sites/cajunsteamer/app/public/wp-content/plugins/events-calendar-pro/src/Tribe/Recurrence/Meta.php on line 1097
[11-Feb-2020 15:58:54 UTC] PHP Stack trace:
[11-Feb-2020 15:58:54 UTC] PHP   1. {main}() /Users/development/Local Sites/cajunsteamer/app/public/wp-cron.php:0
[11-Feb-2020 15:58:54 UTC] PHP   2. do_action_ref_array() /Users/development/Local Sites/cajunsteamer/app/public/wp-cron.php:138
[11-Feb-2020 15:58:54 UTC] PHP   3. WP_Hook->do_action() /Users/development/Local Sites/cajunsteamer/app/public/wp-includes/plugin.php:544
[11-Feb-2020 15:58:54 UTC] PHP   4. WP_Hook->apply_filters() /Users/development/Local Sites/cajunsteamer/app/public/wp-includes/class-wp-hook.php:312
[11-Feb-2020 15:58:54 UTC] PHP   5. Tribe__Events__Pro__Recurrence__Scheduler->schedule_future_recurring_events() /Users/development/Local Sites/cajunsteamer/app/public/wp-includes/class-wp-hook.php:286
[11-Feb-2020 15:58:54 UTC] PHP   6. Tribe__Events__Pro__Recurrence__Meta::save_pending_events() /Users/development/Local Sites/cajunsteamer/app/public/wp-content/plugins/events-calendar-pro/src/Tribe/Recurrence/Scheduler.php:110
[11-Feb-2020 15:58:54 UTC] PHP   7. Tribe__Events__Pro__Recurrence__Meta::get_recurrence_for_event() /Users/development/Local Sites/cajunsteamer/app/public/wp-content/plugins/events-calendar-pro/src/Tribe/Recurrence/Meta.php:999
[11-Feb-2020 15:58:54 UTC] PHP Warning:  Invalid argument supplied for foreach() in /Users/development/Local Sites/cajunsteamer/app/public/wp-content/mu-plugins/wpengine-common/plugin.php on line 1073
[11-Feb-2020 15:58:54 UTC] PHP Stack trace:
[11-Feb-2020 15:58:54 UTC] PHP   1. {main}() /Users/development/Local Sites/cajunsteamer/app/public/wp-cron.php:0
[11-Feb-2020 15:58:54 UTC] PHP   2. shutdown_action_hook() /Users/development/Local Sites/cajunsteamer/app/public/wp-includes/load.php:0
[11-Feb-2020 15:58:54 UTC] PHP   3. do_action() /Users/development/Local Sites/cajunsteamer/app/public/wp-includes/load.php:947
[11-Feb-2020 15:58:54 UTC] PHP   4. WP_Hook->do_action() /Users/development/Local Sites/cajunsteamer/app/public/wp-includes/plugin.php:478
[11-Feb-2020 15:58:54 UTC] PHP   5. WP_Hook->apply_filters() /Users/development/Local Sites/cajunsteamer/app/public/wp-includes/class-wp-hook.php:312
[11-Feb-2020 15:58:54 UTC] PHP   6. wp_ob_end_flush_all() /Users/development/Local Sites/cajunsteamer/app/public/wp-includes/class-wp-hook.php:288
[11-Feb-2020 15:58:54 UTC] PHP   7. ob_end_flush() /Users/development/Local Sites/cajunsteamer/app/public/wp-includes/functions.php:4552
[11-Feb-2020 15:58:54 UTC] PHP   8. WpeCommon->filter_html_output() /Users/development/Local Sites/cajunsteamer/app/public/wp-includes/functions.php:4552
[11-Feb-2020 15:59:00 UTC] PHP Warning:  Invalid argument supplied for foreach() in /Users/development/Local Sites/cajunsteamer/app/public/wp-content/mu-plugins/wpengine-common/plugin.php on line 1073
[11-Feb-2020 15:59:00 UTC] PHP Stack trace:
[11-Feb-2020 15:59:00 UTC] PHP   1. shutdown_action_hook() /Users/development/Local Sites/cajunsteamer/app/public/wp-includes/load.php:0
[11-Feb-2020 15:59:00 UTC] PHP   2. do_action() /Users/development/Local Sites/cajunsteamer/app/public/wp-includes/load.php:947
[11-Feb-2020 15:59:00 UTC] PHP   3. WP_Hook->do_action() /Users/development/Local Sites/cajunsteamer/app/public/wp-includes/plugin.php:478
[11-Feb-2020 15:59:00 UTC] PHP   4. WP_Hook->apply_filters() /Users/development/Local Sites/cajunsteamer/app/public/wp-includes/class-wp-hook.php:312
[11-Feb-2020 15:59:00 UTC] PHP   5. wp_ob_end_flush_all() /Users/development/Local Sites/cajunsteamer/app/public/wp-includes/class-wp-hook.php:288
[11-Feb-2020 15:59:00 UTC] PHP   6. ob_end_flush() /Users/development/Local Sites/cajunsteamer/app/public/wp-includes/functions.php:4552
[11-Feb-2020 15:59:00 UTC] PHP   7. WpeCommon->filter_html_output() /Users/development/Local Sites/cajunsteamer/app/public/wp-includes/functions.php:4552
[11-Feb-2020 16:02:09 UTC] PHP Warning:  Invalid argument supplied for foreach() in /Users/development/Local Sites/cajunsteamer/app/public/wp-content/mu-plugins/wpengine-common/plugin.php on line 1073
[11-Feb-2020 16:02:09 UTC] PHP Stack trace:
[11-Feb-2020 16:02:09 UTC] PHP   1. shutdown_action_hook() /Users/development/Local Sites/cajunsteamer/app/public/wp-includes/load.php:0
[11-Feb-2020 16:02:09 UTC] PHP   2. do_action() /Users/development/Local Sites/cajunsteamer/app/public/wp-includes/load.php:947
[11-Feb-2020 16:02:09 UTC] PHP   3. WP_Hook->do_action() /Users/development/Local Sites/cajunsteamer/app/public/wp-includes/plugin.php:478
[11-Feb-2020 16:02:09 UTC] PHP   4. WP_Hook->apply_filters() /Users/development/Local Sites/cajunsteamer/app/public/wp-includes/class-wp-hook.php:312
[11-Feb-2020 16:02:09 UTC] PHP   5. wp_ob_end_flush_all() /Users/development/Local Sites/cajunsteamer/app/public/wp-includes/class-wp-hook.php:288
[11-Feb-2020 16:02:09 UTC] PHP   6. ob_end_flush() /Users/development/Local Sites/cajunsteamer/app/public/wp-includes/functions.php:4552
[11-Feb-2020 16:02:09 UTC] PHP   7. WpeCommon->filter_html_output() /Users/development/Local Sites/cajunsteamer/app/public/wp-includes/functions.php:4552
[11-Feb-2020 16:02:16 UTC] auditor:event=wp_login {"user_id":9,"blog_id":1,"event":"wp_login","current_user_id":0,"remote_addr":"127.0.0.1"}
[11-Feb-2020 16:02:16 UTC] PHP Warning:  Invalid argument supplied for foreach() in /Users/development/Local Sites/cajunsteamer/app/public/wp-content/mu-plugins/wpengine-common/plugin.php on line 1073
[11-Feb-2020 16:02:16 UTC] PHP Stack trace:
[11-Feb-2020 16:02:16 UTC] PHP   1. shutdown_action_hook() /Users/development/Local Sites/cajunsteamer/app/public/wp-includes/load.php:0
[11-Feb-2020 16:02:16 UTC] PHP   2. do_action() /Users/development/Local Sites/cajunsteamer/app/public/wp-includes/load.php:947
[11-Feb-2020 16:02:16 UTC] PHP   3. WP_Hook->do_action() /Users/development/Local Sites/cajunsteamer/app/public/wp-includes/plugin.php:478
[11-Feb-2020 16:02:16 UTC] PHP   4. WP_Hook->apply_filters() /Users/development/Local Sites/cajunsteamer/app/public/wp-includes/class-wp-hook.php:312
[11-Feb-2020 16:02:16 UTC] PHP   5. wp_ob_end_flush_all() /Users/development/Local Sites/cajunsteamer/app/public/wp-includes/class-wp-hook.php:288
[11-Feb-2020 16:02:16 UTC] PHP   6. ob_end_flush() /Users/development/Local Sites/cajunsteamer/app/public/wp-includes/functions.php:4552
[11-Feb-2020 16:02:16 UTC] PHP   7. WpeCommon->filter_html_output() /Users/development/Local Sites/cajunsteamer/app/public/wp-includes/functions.php:4552
[11-Feb-2020 16:02:20 UTC] PHP Warning:  Invalid argument supplied for foreach() in /Users/development/Local Sites/cajunsteamer/app/public/wp-content/mu-plugins/wpengine-common/plugin.php on line 1073
[11-Feb-2020 16:02:20 UTC] PHP Stack trace:
[11-Feb-2020 16:02:20 UTC] PHP   1. shutdown_action_hook() /Users/development/Local Sites/cajunsteamer/app/public/wp-includes/load.php:0
[11-Feb-2020 16:02:20 UTC] PHP   2. do_action() /Users/development/Local Sites/cajunsteamer/app/public/wp-includes/load.php:947
[11-Feb-2020 16:02:20 UTC] PHP   3. WP_Hook->do_action() /Users/development/Local Sites/cajunsteamer/app/public/wp-includes/plugin.php:478
[11-Feb-2020 16:02:20 UTC] PHP   4. WP_Hook->apply_filters() /Users/development/Local Sites/cajunsteamer/app/public/wp-includes/class-wp-hook.php:312
[11-Feb-2020 16:02:20 UTC] PHP   5. wp_ob_end_flush_all() /Users/development/Local Sites/cajunsteamer/app/public/wp-includes/class-wp-hook.php:288
[11-Feb-2020 16:02:20 UTC] PHP   6. ob_end_flush() /Users/development/Local Sites/cajunsteamer/app/public/wp-includes/functions.php:4552
[11-Feb-2020 16:02:20 UTC] PHP   7. WpeCommon->filter_html_output() /Users/development/Local Sites/cajunsteamer/app/public/wp-includes/functions.php:4552
[11-Feb-2020 16:02:24 UTC] PHP Warning:  Invalid argument supplied for foreach() in /Users/development/Local Sites/cajunsteamer/app/public/wp-content/mu-plugins/wpengine-common/plugin.php on line 1073
[11-Feb-2020 16:02:24 UTC] PHP Stack trace:
[11-Feb-2020 16:02:24 UTC] PHP   1. shutdown_action_hook() /Users/development/Local Sites/cajunsteamer/app/public/wp-includes/load.php:0
[11-Feb-2020 16:02:24 UTC] PHP   2. do_action() /Users/development/Local Sites/cajunsteamer/app/public/wp-includes/load.php:947
[11-Feb-2020 16:02:24 UTC] PHP   3. WP_Hook->do_action() /Users/development/Local Sites/cajunsteamer/app/public/wp-includes/plugin.php:478
[11-Feb-2020 16:02:24 UTC] PHP   4. WP_Hook->apply_filters() /Users/development/Local Sites/cajunsteamer/app/public/wp-includes/class-wp-hook.php:312
[11-Feb-2020 16:02:24 UTC] PHP   5. wp_ob_end_flush_all() /Users/development/Local Sites/cajunsteamer/app/public/wp-includes/class-wp-hook.php:288
[11-Feb-2020 16:02:24 UTC] PHP   6. ob_end_flush() /Users/development/Local Sites/cajunsteamer/app/public/wp-includes/functions.php:4552
[11-Feb-2020 16:02:24 UTC] PHP   7. WpeCommon->filter_html_output() /Users/development/Local Sites/cajunsteamer/app/public/wp-includes/functions.php:4552
[11-Feb-2020 16:02:32 UTC] auditor:event=upgrader_process_complete_plugin {"action":"update","type":"plugin","bulk":true,"plugin":"advanced-custom-fields/acf.php","blog_id":1,"event":"upgrader_process_complete_plugin","current_user_id":9,"remote_addr":"127.0.0.1"}
[11-Feb-2020 16:02:40 UTC] auditor:event=upgrader_process_complete_plugin {"action":"update","type":"plugin","bulk":true,"plugin":"akismet/akismet.php","blog_id":1,"event":"upgrader_process_complete_plugin","current_user_id":9,"remote_addr":"127.0.0.1"}
[11-Feb-2020 16:02:42 UTC] auditor:event=upgrader_process_complete_plugin {"action":"update","type":"plugin","bulk":true,"plugin":"contact-form-7/wp-contact-form-7.php","blog_id":1,"event":"upgrader_process_complete_plugin","current_user_id":9,"remote_addr":"127.0.0.1"}
[11-Feb-2020 16:02:48 UTC] PHP Warning:  Invalid argument supplied for foreach() in /Users/development/Local Sites/cajunsteamer/app/public/wp-content/mu-plugins/wpengine-common/plugin.php on line 1073
[11-Feb-2020 16:02:48 UTC] PHP Stack trace:
[11-Feb-2020 16:02:48 UTC] PHP   1. shutdown_action_hook() /Users/development/Local Sites/cajunsteamer/app/public/wp-includes/load.php:0
[11-Feb-2020 16:02:48 UTC] PHP   2. do_action() /Users/development/Local Sites/cajunsteamer/app/public/wp-includes/load.php:947
[11-Feb-2020 16:02:48 UTC] PHP   3. WP_Hook->do_action() /Users/development/Local Sites/cajunsteamer/app/public/wp-includes/plugin.php:478
[11-Feb-2020 16:02:48 UTC] PHP   4. WP_Hook->apply_filters() /Users/development/Local Sites/cajunsteamer/app/public/wp-includes/class-wp-hook.php:312
[11-Feb-2020 16:02:48 UTC] PHP   5. wp_ob_end_flush_all() /Users/development/Local Sites/cajunsteamer/app/public/wp-includes/class-wp-hook.php:288
[11-Feb-2020 16:02:48 UTC] PHP   6. ob_end_flush() /Users/development/Local Sites/cajunsteamer/app/public/wp-includes/functions.php:4552
[11-Feb-2020 16:02:48 UTC] PHP   7. WpeCommon->filter_html_output() /Users/development/Local Sites/cajunsteamer/app/public/wp-includes/functions.php:4552
[11-Feb-2020 16:03:02 UTC] auditor:event=upgrader_process_complete_plugin {"action":"update","type":"plugin","bulk":true,"plugin":"contact-form-7-honeypot/honeypot.php","blog_id":1,"event":"upgrader_process_complete_plugin","current_user_id":9,"remote_addr":"127.0.0.1"}
[11-Feb-2020 16:03:06 UTC] auditor:event=upgrader_process_complete_plugin {"action":"update","type":"plugin","bulk":true,"plugin":"contact-form-7-mailchimp-extension/cf7-mch-ext.php","blog_id":1,"event":"upgrader_process_complete_plugin","current_user_id":9,"remote_addr":"127.0.0.1"}
[11-Feb-2020 16:03:08 UTC] PHP Warning:  Invalid argument supplied for foreach() in /Users/development/Local Sites/cajunsteamer/app/public/wp-content/mu-plugins/wpengine-common/plugin.php on line 1073
[11-Feb-2020 16:03:08 UTC] PHP Stack trace:
[11-Feb-2020 16:03:08 UTC] PHP   1. shutdown_action_hook() /Users/development/Local Sites/cajunsteamer/app/public/wp-includes/load.php:0
[11-Feb-2020 16:03:08 UTC] PHP   2. do_action() /Users/development/Local Sites/cajunsteamer/app/public/wp-includes/load.php:947
[11-Feb-2020 16:03:08 UTC] PHP   3. WP_Hook->do_action() /Users/development/Local Sites/cajunsteamer/app/public/wp-includes/plugin.php:478
[11-Feb-2020 16:03:08 UTC] PHP   4. WP_Hook->apply_filters() /Users/development/Local Sites/cajunsteamer/app/public/wp-includes/class-wp-hook.php:312
[11-Feb-2020 16:03:08 UTC] PHP   5. wp_ob_end_flush_all() /Users/development/Local Sites/cajunsteamer/app/public/wp-includes/class-wp-hook.php:288
[11-Feb-2020 16:03:08 UTC] PHP   6. ob_end_flush() /Users/development/Local Sites/cajunsteamer/app/public/wp-includes/functions.php:4552
[11-Feb-2020 16:03:08 UTC] PHP   7. WpeCommon->filter_html_output() /Users/development/Local Sites/cajunsteamer/app/public/wp-includes/functions.php:4552
[11-Feb-2020 16:03:22 UTC] auditor:event=upgrader_process_complete_plugin {"action":"update","type":"plugin","bulk":true,"plugin":"googleanalytics/googleanalytics.php","blog_id":1,"event":"upgrader_process_complete_plugin","current_user_id":9,"remote_addr":"127.0.0.1"}
[11-Feb-2020 16:03:25 UTC] auditor:event=upgrader_process_complete_plugin {"action":"update","type":"plugin","bulk":true,"plugin":"mappress-google-maps-for-wordpress/mappress.php","blog_id":1,"event":"upgrader_process_complete_plugin","current_user_id":9,"remote_addr":"127.0.0.1"}
[11-Feb-2020 16:03:28 UTC] auditor:event=upgrader_process_complete_plugin {"action":"update","type":"plugin","bulk":true,"plugin":"menu-image/menu-image.php","blog_id":1,"event":"upgrader_process_complete_plugin","current_user_id":9,"remote_addr":"127.0.0.1"}
[11-Feb-2020 16:03:34 UTC] PHP Warning:  Invalid argument supplied for foreach() in /Users/development/Local Sites/cajunsteamer/app/public/wp-content/mu-plugins/wpengine-common/plugin.php on line 1073
[11-Feb-2020 16:03:34 UTC] PHP Stack trace:
[11-Feb-2020 16:03:34 UTC] PHP   1. shutdown_action_hook() /Users/development/Local Sites/cajunsteamer/app/public/wp-includes/load.php:0
[11-Feb-2020 16:03:34 UTC] PHP   2. do_action() /Users/development/Local Sites/cajunsteamer/app/public/wp-includes/load.php:947
[11-Feb-2020 16:03:34 UTC] PHP   3. WP_Hook->do_action() /Users/development/Local Sites/cajunsteamer/app/public/wp-includes/plugin.php:478
[11-Feb-2020 16:03:34 UTC] PHP   4. WP_Hook->apply_filters() /Users/development/Local Sites/cajunsteamer/app/public/wp-includes/class-wp-hook.php:312
[11-Feb-2020 16:03:34 UTC] PHP   5. wp_ob_end_flush_all() /Users/development/Local Sites/cajunsteamer/app/public/wp-includes/class-wp-hook.php:288
[11-Feb-2020 16:03:34 UTC] PHP   6. ob_end_flush() /Users/development/Local Sites/cajunsteamer/app/public/wp-includes/functions.php:4552
[11-Feb-2020 16:03:34 UTC] PHP   7. WpeCommon->filter_html_output() /Users/development/Local Sites/cajunsteamer/app/public/wp-includes/functions.php:4552
[11-Feb-2020 16:03:45 UTC] PHP Warning:  Invalid argument supplied for foreach() in /Users/development/Local Sites/cajunsteamer/app/public/wp-content/mu-plugins/wpengine-common/plugin.php on line 1073
[11-Feb-2020 16:03:45 UTC] PHP Stack trace:
[11-Feb-2020 16:03:45 UTC] PHP   1. {main}() /Users/development/Local Sites/cajunsteamer/app/public/wp-admin/admin.php:0
[11-Feb-2020 16:03:45 UTC] PHP   2. shutdown_action_hook() /Users/development/Local Sites/cajunsteamer/app/public/wp-includes/load.php:0
[11-Feb-2020 16:03:45 UTC] PHP   3. do_action() /Users/development/Local Sites/cajunsteamer/app/public/wp-includes/load.php:947
[11-Feb-2020 16:03:45 UTC] PHP   4. WP_Hook->do_action() /Users/development/Local Sites/cajunsteamer/app/public/wp-includes/plugin.php:478
[11-Feb-2020 16:03:45 UTC] PHP   5. WP_Hook->apply_filters() /Users/development/Local Sites/cajunsteamer/app/public/wp-includes/class-wp-hook.php:312
[11-Feb-2020 16:03:45 UTC] PHP   6. wp_ob_end_flush_all() /Users/development/Local Sites/cajunsteamer/app/public/wp-includes/class-wp-hook.php:288
[11-Feb-2020 16:03:45 UTC] PHP   7. ob_end_flush() /Users/development/Local Sites/cajunsteamer/app/public/wp-includes/functions.php:4552
[11-Feb-2020 16:03:45 UTC] PHP   8. WpeCommon->filter_html_output() /Users/development/Local Sites/cajunsteamer/app/public/wp-includes/functions.php:4552
[11-Feb-2020 16:03:53 UTC] something went wrong while purging WP Engine CDN: A valid URL was not provided.
[11-Feb-2020 16:03:53 UTC] PHP Warning:  Invalid argument supplied for foreach() in /Users/development/Local Sites/cajunsteamer/app/public/wp-content/mu-plugins/wpengine-common/plugin.php on line 1073
[11-Feb-2020 16:03:53 UTC] PHP Stack trace:
[11-Feb-2020 16:03:53 UTC] PHP   1. {main}() /Users/development/Local Sites/cajunsteamer/app/public/wp-admin/admin.php:0
[11-Feb-2020 16:03:53 UTC] PHP   2. shutdown_action_hook() /Users/development/Local Sites/cajunsteamer/app/public/wp-includes/load.php:0
[11-Feb-2020 16:03:53 UTC] PHP   3. do_action() /Users/development/Local Sites/cajunsteamer/app/public/wp-includes/load.php:947
[11-Feb-2020 16:03:53 UTC] PHP   4. WP_Hook->do_action() /Users/development/Local Sites/cajunsteamer/app/public/wp-includes/plugin.php:478
[11-Feb-2020 16:03:53 UTC] PHP   5. WP_Hook->apply_filters() /Users/development/Local Sites/cajunsteamer/app/public/wp-includes/class-wp-hook.php:312
[11-Feb-2020 16:03:53 UTC] PHP   6. wp_ob_end_flush_all() /Users/development/Local Sites/cajunsteamer/app/public/wp-includes/class-wp-hook.php:288
[11-Feb-2020 16:03:53 UTC] PHP   7. ob_end_flush() /Users/development/Local Sites/cajunsteamer/app/public/wp-includes/functions.php:4552
[11-Feb-2020 16:03:53 UTC] PHP   8. WpeCommon->filter_html_output() /Users/development/Local Sites/cajunsteamer/app/public/wp-includes/functions.php:4552
[11-Feb-2020 16:03:56 UTC] PHP Warning:  Invalid argument supplied for foreach() in /Users/development/Local Sites/cajunsteamer/app/public/wp-content/mu-plugins/wpengine-common/plugin.php on line 1073
[11-Feb-2020 16:03:56 UTC] PHP Stack trace:
[11-Feb-2020 16:03:56 UTC] PHP   1. shutdown_action_hook() /Users/development/Local Sites/cajunsteamer/app/public/wp-includes/load.php:0
[11-Feb-2020 16:03:56 UTC] PHP   2. do_action() /Users/development/Local Sites/cajunsteamer/app/public/wp-includes/load.php:947
[11-Feb-2020 16:03:56 UTC] PHP   3. WP_Hook->do_action() /Users/development/Local Sites/cajunsteamer/app/public/wp-includes/plugin.php:478
[11-Feb-2020 16:03:56 UTC] PHP   4. WP_Hook->apply_filters() /Users/development/Local Sites/cajunsteamer/app/public/wp-includes/class-wp-hook.php:312
[11-Feb-2020 16:03:56 UTC] PHP   5. wp_ob_end_flush_all() /Users/development/Local Sites/cajunsteamer/app/public/wp-includes/class-wp-hook.php:288
[11-Feb-2020 16:03:56 UTC] PHP   6. ob_end_flush() /Users/development/Local Sites/cajunsteamer/app/public/wp-includes/functions.php:4552
[11-Feb-2020 16:03:56 UTC] PHP   7. WpeCommon->filter_html_output() /Users/development/Local Sites/cajunsteamer/app/public/wp-includes/functions.php:4552
[11-Feb-2020 16:04:01 UTC] PHP Warning:  Invalid argument supplied for foreach() in /Users/development/Local Sites/cajunsteamer/app/public/wp-content/mu-plugins/wpengine-common/plugin.php on line 1073
[11-Feb-2020 16:04:01 UTC] PHP Stack trace:
[11-Feb-2020 16:04:01 UTC] PHP   1. shutdown_action_hook() /Users/development/Local Sites/cajunsteamer/app/public/wp-includes/load.php:0
[11-Feb-2020 16:04:01 UTC] PHP   2. do_action() /Users/development/Local Sites/cajunsteamer/app/public/wp-includes/load.php:947
[11-Feb-2020 16:04:01 UTC] PHP   3. WP_Hook->do_action() /Users/development/Local Sites/cajunsteamer/app/public/wp-includes/plugin.php:478
[11-Feb-2020 16:04:01 UTC] PHP   4. WP_Hook->apply_filters() /Users/development/Local Sites/cajunsteamer/app/public/wp-includes/class-wp-hook.php:312
[11-Feb-2020 16:04:01 UTC] PHP   5. wp_ob_end_flush_all() /Users/development/Local Sites/cajunsteamer/app/public/wp-includes/class-wp-hook.php:288
[11-Feb-2020 16:04:01 UTC] PHP   6. ob_end_flush() /Users/development/Local Sites/cajunsteamer/app/public/wp-includes/functions.php:4552
[11-Feb-2020 16:04:01 UTC] PHP   7. WpeCommon->filter_html_output() /Users/development/Local Sites/cajunsteamer/app/public/wp-includes/functions.php:4552
[11-Feb-2020 16:04:08 UTC] PHP Warning:  Invalid argument supplied for foreach() in /Users/development/Local Sites/cajunsteamer/app/public/wp-content/mu-plugins/wpengine-common/plugin.php on line 1073
[11-Feb-2020 16:04:08 UTC] PHP Stack trace:
[11-Feb-2020 16:04:08 UTC] PHP   1. shutdown_action_hook() /Users/development/Local Sites/cajunsteamer/app/public/wp-includes/load.php:0
[11-Feb-2020 16:04:08 UTC] PHP   2. do_action() /Users/development/Local Sites/cajunsteamer/app/public/wp-includes/load.php:947
[11-Feb-2020 16:04:08 UTC] PHP   3. WP_Hook->do_action() /Users/development/Local Sites/cajunsteamer/app/public/wp-includes/plugin.php:478
[11-Feb-2020 16:04:08 UTC] PHP   4. WP_Hook->apply_filters() /Users/development/Local Sites/cajunsteamer/app/public/wp-includes/class-wp-hook.php:312
[11-Feb-2020 16:04:08 UTC] PHP   5. wp_ob_end_flush_all() /Users/development/Local Sites/cajunsteamer/app/public/wp-includes/class-wp-hook.php:288
[11-Feb-2020 16:04:08 UTC] PHP   6. ob_end_flush() /Users/development/Local Sites/cajunsteamer/app/public/wp-includes/functions.php:4552
[11-Feb-2020 16:04:08 UTC] PHP   7. WpeCommon->filter_html_output() /Users/development/Local Sites/cajunsteamer/app/public/wp-includes/functions.php:4552
[11-Feb-2020 16:04:22 UTC] PHP Warning:  Invalid argument supplied for foreach() in /Users/development/Local Sites/cajunsteamer/app/public/wp-content/mu-plugins/wpengine-common/plugin.php on line 1073
[11-Feb-2020 16:04:22 UTC] PHP Stack trace:
[11-Feb-2020 16:04:22 UTC] PHP   1. shutdown_action_hook() /Users/development/Local Sites/cajunsteamer/app/public/wp-includes/load.php:0
[11-Feb-2020 16:04:22 UTC] PHP   2. do_action() /Users/development/Local Sites/cajunsteamer/app/public/wp-includes/load.php:947
[11-Feb-2020 16:04:22 UTC] PHP   3. WP_Hook->do_action() /Users/development/Local Sites/cajunsteamer/app/public/wp-includes/plugin.php:478
[11-Feb-2020 16:04:22 UTC] PHP   4. WP_Hook->apply_filters() /Users/development/Local Sites/cajunsteamer/app/public/wp-includes/class-wp-hook.php:312
[11-Feb-2020 16:04:22 UTC] PHP   5. wp_ob_end_flush_all() /Users/development/Local Sites/cajunsteamer/app/public/wp-includes/class-wp-hook.php:288
[11-Feb-2020 16:04:22 UTC] PHP   6. ob_end_flush() /Users/development/Local Sites/cajunsteamer/app/public/wp-includes/functions.php:4552
[11-Feb-2020 16:04:22 UTC] PHP   7. WpeCommon->filter_html_output() /Users/development/Local Sites/cajunsteamer/app/public/wp-includes/functions.php:4552
[11-Feb-2020 16:04:36 UTC] PHP Warning:  Invalid argument supplied for foreach() in /Users/development/Local Sites/cajunsteamer/app/public/wp-content/mu-plugins/wpengine-common/plugin.php on line 1073
[11-Feb-2020 16:04:36 UTC] PHP Stack trace:
[11-Feb-2020 16:04:36 UTC] PHP   1. shutdown_action_hook() /Users/development/Local Sites/cajunsteamer/app/public/wp-includes/load.php:0
[11-Feb-2020 16:04:36 UTC] PHP   2. do_action() /Users/development/Local Sites/cajunsteamer/app/public/wp-includes/load.php:947
[11-Feb-2020 16:04:36 UTC] PHP   3. WP_Hook->do_action() /Users/development/Local Sites/cajunsteamer/app/public/wp-includes/plugin.php:478
[11-Feb-2020 16:04:36 UTC] PHP   4. WP_Hook->apply_filters() /Users/development/Local Sites/cajunsteamer/app/public/wp-includes/class-wp-hook.php:312
[11-Feb-2020 16:04:36 UTC] PHP   5. wp_ob_end_flush_all() /Users/development/Local Sites/cajunsteamer/app/public/wp-includes/class-wp-hook.php:288
[11-Feb-2020 16:04:36 UTC] PHP   6. ob_end_flush() /Users/development/Local Sites/cajunsteamer/app/public/wp-includes/functions.php:4552
[11-Feb-2020 16:04:36 UTC] PHP   7. WpeCommon->filter_html_output() /Users/development/Local Sites/cajunsteamer/app/public/wp-includes/functions.php:4552
[11-Feb-2020 16:04:44 UTC] auditor:event=upgrader_process_complete_plugin {"action":"update","type":"plugin","bulk":true,"plugin":"photo-gallery/photo-gallery.php","blog_id":1,"event":"upgrader_process_complete_plugin","current_user_id":9,"remote_addr":"127.0.0.1"}
[11-Feb-2020 16:04:46 UTC] auditor:event=upgrader_process_complete_plugin {"action":"update","type":"plugin","bulk":true,"plugin":"really-simple-captcha/really-simple-captcha.php","blog_id":1,"event":"upgrader_process_complete_plugin","current_user_id":9,"remote_addr":"127.0.0.1"}
[11-Feb-2020 16:04:51 UTC] PHP Warning:  Invalid argument supplied for foreach() in /Users/development/Local Sites/cajunsteamer/app/public/wp-content/mu-plugins/wpengine-common/plugin.php on line 1073
[11-Feb-2020 16:04:51 UTC] PHP Stack trace:
[11-Feb-2020 16:04:51 UTC] PHP   1. shutdown_action_hook() /Users/development/Local Sites/cajunsteamer/app/public/wp-includes/load.php:0
[11-Feb-2020 16:04:51 UTC] PHP   2. do_action() /Users/development/Local Sites/cajunsteamer/app/public/wp-includes/load.php:947
[11-Feb-2020 16:04:51 UTC] PHP   3. WP_Hook->do_action() /Users/development/Local Sites/cajunsteamer/app/public/wp-includes/plugin.php:478
[11-Feb-2020 16:04:51 UTC] PHP   4. WP_Hook->apply_filters() /Users/development/Local Sites/cajunsteamer/app/public/wp-includes/class-wp-hook.php:312
[11-Feb-2020 16:04:51 UTC] PHP   5. wp_ob_end_flush_all() /Users/development/Local Sites/cajunsteamer/app/public/wp-includes/class-wp-hook.php:288
[11-Feb-2020 16:04:51 UTC] PHP   6. ob_end_flush() /Users/development/Local Sites/cajunsteamer/app/public/wp-includes/functions.php:4552
[11-Feb-2020 16:04:51 UTC] PHP   7. WpeCommon->filter_html_output() /Users/development/Local Sites/cajunsteamer/app/public/wp-includes/functions.php:4552
[11-Feb-2020 16:05:15 UTC] auditor:event=upgrader_process_complete_plugin {"action":"update","type":"plugin","bulk":true,"plugin":"the-events-calendar/the-events-calendar.php","blog_id":1,"event":"upgrader_process_complete_plugin","current_user_id":9,"remote_addr":"127.0.0.1"}
[11-Feb-2020 16:05:36 UTC] PHP Warning:  Invalid argument supplied for foreach() in /Users/development/Local Sites/cajunsteamer/app/public/wp-content/mu-plugins/wpengine-common/plugin.php on line 1073
[11-Feb-2020 16:05:36 UTC] PHP Stack trace:
[11-Feb-2020 16:05:36 UTC] PHP   1. shutdown_action_hook() /Users/development/Local Sites/cajunsteamer/app/public/wp-includes/load.php:0
[11-Feb-2020 16:05:36 UTC] PHP   2. do_action() /Users/development/Local Sites/cajunsteamer/app/public/wp-includes/load.php:947
[11-Feb-2020 16:05:36 UTC] PHP   3. WP_Hook->do_action() /Users/development/Local Sites/cajunsteamer/app/public/wp-includes/plugin.php:478
[11-Feb-2020 16:05:36 UTC] PHP   4. WP_Hook->apply_filters() /Users/development/Local Sites/cajunsteamer/app/public/wp-includes/class-wp-hook.php:312
[11-Feb-2020 16:05:36 UTC] PHP   5. wp_ob_end_flush_all() /Users/development/Local Sites/cajunsteamer/app/public/wp-includes/class-wp-hook.php:288
[11-Feb-2020 16:05:36 UTC] PHP   6. ob_end_flush() /Users/development/Local Sites/cajunsteamer/app/public/wp-includes/functions.php:4552
[11-Feb-2020 16:05:36 UTC] PHP   7. WpeCommon->filter_html_output() /Users/development/Local Sites/cajunsteamer/app/public/wp-includes/functions.php:4552
[11-Feb-2020 16:05:45 UTC] PHP Warning:  Invalid argument supplied for foreach() in /Users/development/Local Sites/cajunsteamer/app/public/wp-content/mu-plugins/wpengine-common/plugin.php on line 1073
[11-Feb-2020 16:05:45 UTC] PHP Stack trace:
[11-Feb-2020 16:05:45 UTC] PHP   1. shutdown_action_hook() /Users/development/Local Sites/cajunsteamer/app/public/wp-includes/load.php:0
[11-Feb-2020 16:05:45 UTC] PHP   2. do_action() /Users/development/Local Sites/cajunsteamer/app/public/wp-includes/load.php:947
[11-Feb-2020 16:05:45 UTC] PHP   3. WP_Hook->do_action() /Users/development/Local Sites/cajunsteamer/app/public/wp-includes/plugin.php:478
[11-Feb-2020 16:05:45 UTC] PHP   4. WP_Hook->apply_filters() /Users/development/Local Sites/cajunsteamer/app/public/wp-includes/class-wp-hook.php:312
[11-Feb-2020 16:05:45 UTC] PHP   5. wp_ob_end_flush_all() /Users/development/Local Sites/cajunsteamer/app/public/wp-includes/class-wp-hook.php:288
[11-Feb-2020 16:05:45 UTC] PHP   6. ob_end_flush() /Users/development/Local Sites/cajunsteamer/app/public/wp-includes/functions.php:4552
[11-Feb-2020 16:05:45 UTC] PHP   7. WpeCommon->filter_html_output() /Users/development/Local Sites/cajunsteamer/app/public/wp-includes/functions.php:4552
[11-Feb-2020 16:05:49 UTC] PHP Warning:  Invalid argument supplied for foreach() in /Users/development/Local Sites/cajunsteamer/app/public/wp-content/mu-plugins/wpengine-common/plugin.php on line 1073
[11-Feb-2020 16:05:49 UTC] PHP Stack trace:
[11-Feb-2020 16:05:49 UTC] PHP   1. shutdown_action_hook() /Users/development/Local Sites/cajunsteamer/app/public/wp-includes/load.php:0
[11-Feb-2020 16:05:49 UTC] PHP   2. do_action() /Users/development/Local Sites/cajunsteamer/app/public/wp-includes/load.php:947
[11-Feb-2020 16:05:49 UTC] PHP   3. WP_Hook->do_action() /Users/development/Local Sites/cajunsteamer/app/public/wp-includes/plugin.php:478
[11-Feb-2020 16:05:49 UTC] PHP   4. WP_Hook->apply_filters() /Users/development/Local Sites/cajunsteamer/app/public/wp-includes/class-wp-hook.php:312
[11-Feb-2020 16:05:49 UTC] PHP   5. wp_ob_end_flush_all() /Users/development/Local Sites/cajunsteamer/app/public/wp-includes/class-wp-hook.php:288
[11-Feb-2020 16:05:49 UTC] PHP   6. ob_end_flush() /Users/development/Local Sites/cajunsteamer/app/public/wp-includes/functions.php:4552
[11-Feb-2020 16:05:49 UTC] PHP   7. WpeCommon->filter_html_output() /Users/development/Local Sites/cajunsteamer/app/public/wp-includes/functions.php:4552
[11-Feb-2020 16:05:56 UTC] PHP Warning:  Invalid argument supplied for foreach() in /Users/development/Local Sites/cajunsteamer/app/public/wp-content/mu-plugins/wpengine-common/plugin.php on line 1073
[11-Feb-2020 16:05:56 UTC] PHP Stack trace:
[11-Feb-2020 16:05:56 UTC] PHP   1. shutdown_action_hook() /Users/development/Local Sites/cajunsteamer/app/public/wp-includes/load.php:0
[11-Feb-2020 16:05:56 UTC] PHP   2. do_action() /Users/development/Local Sites/cajunsteamer/app/public/wp-includes/load.php:947
[11-Feb-2020 16:05:56 UTC] PHP   3. WP_Hook->do_action() /Users/development/Local Sites/cajunsteamer/app/public/wp-includes/plugin.php:478
[11-Feb-2020 16:05:56 UTC] PHP   4. WP_Hook->apply_filters() /Users/development/Local Sites/cajunsteamer/app/public/wp-includes/class-wp-hook.php:312
[11-Feb-2020 16:05:56 UTC] PHP   5. wp_ob_end_flush_all() /Users/development/Local Sites/cajunsteamer/app/public/wp-includes/class-wp-hook.php:288
[11-Feb-2020 16:05:56 UTC] PHP   6. ob_end_flush() /Users/development/Local Sites/cajunsteamer/app/public/wp-includes/functions.php:4552
[11-Feb-2020 16:05:56 UTC] PHP   7. WpeCommon->filter_html_output() /Users/development/Local Sites/cajunsteamer/app/public/wp-includes/functions.php:4552
[11-Feb-2020 16:05:59 UTC] PHP Warning:  Invalid argument supplied for foreach() in /Users/development/Local Sites/cajunsteamer/app/public/wp-content/mu-plugins/wpengine-common/plugin.php on line 1073
[11-Feb-2020 16:05:59 UTC] PHP Stack trace:
[11-Feb-2020 16:05:59 UTC] PHP   1. shutdown_action_hook() /Users/development/Local Sites/cajunsteamer/app/public/wp-includes/load.php:0
[11-Feb-2020 16:05:59 UTC] PHP   2. do_action() /Users/development/Local Sites/cajunsteamer/app/public/wp-includes/load.php:947
[11-Feb-2020 16:05:59 UTC] PHP   3. WP_Hook->do_action() /Users/development/Local Sites/cajunsteamer/app/public/wp-includes/plugin.php:478
[11-Feb-2020 16:05:59 UTC] PHP   4. WP_Hook->apply_filters() /Users/development/Local Sites/cajunsteamer/app/public/wp-includes/class-wp-hook.php:312
[11-Feb-2020 16:05:59 UTC] PHP   5. wp_ob_end_flush_all() /Users/development/Local Sites/cajunsteamer/app/public/wp-includes/class-wp-hook.php:288
[11-Feb-2020 16:05:59 UTC] PHP   6. ob_end_flush() /Users/development/Local Sites/cajunsteamer/app/public/wp-includes/functions.php:4552
[11-Feb-2020 16:05:59 UTC] PHP   7. WpeCommon->filter_html_output() /Users/development/Local Sites/cajunsteamer/app/public/wp-includes/functions.php:4552
[11-Feb-2020 16:06:05 UTC] PHP Warning:  Invalid argument supplied for foreach() in /Users/development/Local Sites/cajunsteamer/app/public/wp-content/mu-plugins/wpengine-common/plugin.php on line 1073
[11-Feb-2020 16:06:05 UTC] PHP Stack trace:
[11-Feb-2020 16:06:05 UTC] PHP   1. shutdown_action_hook() /Users/development/Local Sites/cajunsteamer/app/public/wp-includes/load.php:0
[11-Feb-2020 16:06:05 UTC] PHP   2. do_action() /Users/development/Local Sites/cajunsteamer/app/public/wp-includes/load.php:947
[11-Feb-2020 16:06:05 UTC] PHP   3. WP_Hook->do_action() /Users/development/Local Sites/cajunsteamer/app/public/wp-includes/plugin.php:478
[11-Feb-2020 16:06:05 UTC] PHP   4. WP_Hook->apply_filters() /Users/development/Local Sites/cajunsteamer/app/public/wp-includes/class-wp-hook.php:312
[11-Feb-2020 16:06:05 UTC] PHP   5. wp_ob_end_flush_all() /Users/development/Local Sites/cajunsteamer/app/public/wp-includes/class-wp-hook.php:288
[11-Feb-2020 16:06:05 UTC] PHP   6. ob_end_flush() /Users/development/Local Sites/cajunsteamer/app/public/wp-includes/functions.php:4552
[11-Feb-2020 16:06:05 UTC] PHP   7. WpeCommon->filter_html_output() /Users/development/Local Sites/cajunsteamer/app/public/wp-includes/functions.php:4552
[11-Feb-2020 16:06:10 UTC] PHP Warning:  Invalid argument supplied for foreach() in /Users/development/Local Sites/cajunsteamer/app/public/wp-content/mu-plugins/wpengine-common/plugin.php on line 1073
[11-Feb-2020 16:06:10 UTC] PHP Stack trace:
[11-Feb-2020 16:06:10 UTC] PHP   1. shutdown_action_hook() /Users/development/Local Sites/cajunsteamer/app/public/wp-includes/load.php:0
[11-Feb-2020 16:06:10 UTC] PHP   2. do_action() /Users/development/Local Sites/cajunsteamer/app/public/wp-includes/load.php:947
[11-Feb-2020 16:06:10 UTC] PHP   3. WP_Hook->do_action() /Users/development/Local Sites/cajunsteamer/app/public/wp-includes/plugin.php:478
[11-Feb-2020 16:06:10 UTC] PHP   4. WP_Hook->apply_filters() /Users/development/Local Sites/cajunsteamer/app/public/wp-includes/class-wp-hook.php:312
[11-Feb-2020 16:06:10 UTC] PHP   5. wp_ob_end_flush_all() /Users/development/Local Sites/cajunsteamer/app/public/wp-includes/class-wp-hook.php:288
[11-Feb-2020 16:06:10 UTC] PHP   6. ob_end_flush() /Users/development/Local Sites/cajunsteamer/app/public/wp-includes/functions.php:4552
[11-Feb-2020 16:06:10 UTC] PHP   7. WpeCommon->filter_html_output() /Users/development/Local Sites/cajunsteamer/app/public/wp-includes/functions.php:4552
[11-Feb-2020 16:06:13 UTC] PHP Warning:  Invalid argument supplied for foreach() in /Users/development/Local Sites/cajunsteamer/app/public/wp-content/mu-plugins/wpengine-common/plugin.php on line 1073
[11-Feb-2020 16:06:13 UTC] PHP Stack trace:
[11-Feb-2020 16:06:13 UTC] PHP   1. shutdown_action_hook() /Users/development/Local Sites/cajunsteamer/app/public/wp-includes/load.php:0
[11-Feb-2020 16:06:13 UTC] PHP   2. do_action() /Users/development/Local Sites/cajunsteamer/app/public/wp-includes/load.php:947
[11-Feb-2020 16:06:13 UTC] PHP   3. WP_Hook->do_action() /Users/development/Local Sites/cajunsteamer/app/public/wp-includes/plugin.php:478
[11-Feb-2020 16:06:13 UTC] PHP   4. WP_Hook->apply_filters() /Users/development/Local Sites/cajunsteamer/app/public/wp-includes/class-wp-hook.php:312
[11-Feb-2020 16:06:13 UTC] PHP   5. wp_ob_end_flush_all() /Users/development/Local Sites/cajunsteamer/app/public/wp-includes/class-wp-hook.php:288
[11-Feb-2020 16:06:13 UTC] PHP   6. ob_end_flush() /Users/development/Local Sites/cajunsteamer/app/public/wp-includes/functions.php:4552
[11-Feb-2020 16:06:13 UTC] PHP   7. WpeCommon->filter_html_output() /Users/development/Local Sites/cajunsteamer/app/public/wp-includes/functions.php:4552
[11-Feb-2020 16:06:21 UTC] PHP Warning:  Invalid argument supplied for foreach() in /Users/development/Local Sites/cajunsteamer/app/public/wp-content/mu-plugins/wpengine-common/plugin.php on line 1073
[11-Feb-2020 16:06:21 UTC] PHP Stack trace:
[11-Feb-2020 16:06:21 UTC] PHP   1. shutdown_action_hook() /Users/development/Local Sites/cajunsteamer/app/public/wp-includes/load.php:0
[11-Feb-2020 16:06:21 UTC] PHP   2. do_action() /Users/development/Local Sites/cajunsteamer/app/public/wp-includes/load.php:947
[11-Feb-2020 16:06:21 UTC] PHP   3. WP_Hook->do_action() /Users/development/Local Sites/cajunsteamer/app/public/wp-includes/plugin.php:478
[11-Feb-2020 16:06:21 UTC] PHP   4. WP_Hook->apply_filters() /Users/development/Local Sites/cajunsteamer/app/public/wp-includes/class-wp-hook.php:312
[11-Feb-2020 16:06:21 UTC] PHP   5. wp_ob_end_flush_all() /Users/development/Local Sites/cajunsteamer/app/public/wp-includes/class-wp-hook.php:288
[11-Feb-2020 16:06:21 UTC] PHP   6. ob_end_flush() /Users/development/Local Sites/cajunsteamer/app/public/wp-includes/functions.php:4552
[11-Feb-2020 16:06:21 UTC] PHP   7. WpeCommon->filter_html_output() /Users/development/Local Sites/cajunsteamer/app/public/wp-includes/functions.php:4552
[11-Feb-2020 16:06:40 UTC] PHP Warning:  Invalid argument supplied for foreach() in /Users/development/Local Sites/cajunsteamer/app/public/wp-content/mu-plugins/wpengine-common/plugin.php on line 1073
[11-Feb-2020 16:06:40 UTC] PHP Stack trace:
[11-Feb-2020 16:06:40 UTC] PHP   1. shutdown_action_hook() /Users/development/Local Sites/cajunsteamer/app/public/wp-includes/load.php:0
[11-Feb-2020 16:06:40 UTC] PHP   2. do_action() /Users/development/Local Sites/cajunsteamer/app/public/wp-includes/load.php:947
[11-Feb-2020 16:06:40 UTC] PHP   3. WP_Hook->do_action() /Users/development/Local Sites/cajunsteamer/app/public/wp-includes/plugin.php:478
[11-Feb-2020 16:06:40 UTC] PHP   4. WP_Hook->apply_filters() /Users/development/Local Sites/cajunsteamer/app/public/wp-includes/class-wp-hook.php:312
[11-Feb-2020 16:06:40 UTC] PHP   5. wp_ob_end_flush_all() /Users/development/Local Sites/cajunsteamer/app/public/wp-includes/class-wp-hook.php:288
[11-Feb-2020 16:06:40 UTC] PHP   6. ob_end_flush() /Users/development/Local Sites/cajunsteamer/app/public/wp-includes/functions.php:4552
[11-Feb-2020 16:06:40 UTC] PHP   7. WpeCommon->filter_html_output() /Users/development/Local Sites/cajunsteamer/app/public/wp-includes/functions.php:4552
[11-Feb-2020 16:06:44 UTC] PHP Warning:  Invalid argument supplied for foreach() in /Users/development/Local Sites/cajunsteamer/app/public/wp-content/mu-plugins/wpengine-common/plugin.php on line 1073
[11-Feb-2020 16:06:44 UTC] PHP Stack trace:
[11-Feb-2020 16:06:44 UTC] PHP   1. shutdown_action_hook() /Users/development/Local Sites/cajunsteamer/app/public/wp-includes/load.php:0
[11-Feb-2020 16:06:44 UTC] PHP   2. do_action() /Users/development/Local Sites/cajunsteamer/app/public/wp-includes/load.php:947
[11-Feb-2020 16:06:44 UTC] PHP   3. WP_Hook->do_action() /Users/development/Local Sites/cajunsteamer/app/public/wp-includes/plugin.php:478
[11-Feb-2020 16:06:44 UTC] PHP   4. WP_Hook->apply_filters() /Users/development/Local Sites/cajunsteamer/app/public/wp-includes/class-wp-hook.php:312
[11-Feb-2020 16:06:44 UTC] PHP   5. wp_ob_end_flush_all() /Users/development/Local Sites/cajunsteamer/app/public/wp-includes/class-wp-hook.php:288
[11-Feb-2020 16:06:44 UTC] PHP   6. ob_end_flush() /Users/development/Local Sites/cajunsteamer/app/public/wp-includes/functions.php:4552
[11-Feb-2020 16:06:44 UTC] PHP   7. WpeCommon->filter_html_output() /Users/development/Local Sites/cajunsteamer/app/public/wp-includes/functions.php:4552
[11-Feb-2020 16:06:49 UTC] PHP Warning:  Invalid argument supplied for foreach() in /Users/development/Local Sites/cajunsteamer/app/public/wp-content/mu-plugins/wpengine-common/plugin.php on line 1073
[11-Feb-2020 16:06:49 UTC] PHP Stack trace:
[11-Feb-2020 16:06:49 UTC] PHP   1. shutdown_action_hook() /Users/development/Local Sites/cajunsteamer/app/public/wp-includes/load.php:0
[11-Feb-2020 16:06:49 UTC] PHP   2. do_action() /Users/development/Local Sites/cajunsteamer/app/public/wp-includes/load.php:947
[11-Feb-2020 16:06:49 UTC] PHP   3. WP_Hook->do_action() /Users/development/Local Sites/cajunsteamer/app/public/wp-includes/plugin.php:478
[11-Feb-2020 16:06:49 UTC] PHP   4. WP_Hook->apply_filters() /Users/development/Local Sites/cajunsteamer/app/public/wp-includes/class-wp-hook.php:312
[11-Feb-2020 16:06:49 UTC] PHP   5. wp_ob_end_flush_all() /Users/development/Local Sites/cajunsteamer/app/public/wp-includes/class-wp-hook.php:288
[11-Feb-2020 16:06:49 UTC] PHP   6. ob_end_flush() /Users/development/Local Sites/cajunsteamer/app/public/wp-includes/functions.php:4552
[11-Feb-2020 16:06:49 UTC] PHP   7. WpeCommon->filter_html_output() /Users/development/Local Sites/cajunsteamer/app/public/wp-includes/functions.php:4552
[11-Feb-2020 16:07:01 UTC] PHP Warning:  Invalid argument supplied for foreach() in /Users/development/Local Sites/cajunsteamer/app/public/wp-content/mu-plugins/wpengine-common/plugin.php on line 1073
[11-Feb-2020 16:07:01 UTC] PHP Stack trace:
[11-Feb-2020 16:07:01 UTC] PHP   1. shutdown_action_hook() /Users/development/Local Sites/cajunsteamer/app/public/wp-includes/load.php:0
[11-Feb-2020 16:07:01 UTC] PHP   2. do_action() /Users/development/Local Sites/cajunsteamer/app/public/wp-includes/load.php:947
[11-Feb-2020 16:07:01 UTC] PHP   3. WP_Hook->do_action() /Users/development/Local Sites/cajunsteamer/app/public/wp-includes/plugin.php:478
[11-Feb-2020 16:07:01 UTC] PHP   4. WP_Hook->apply_filters() /Users/development/Local Sites/cajunsteamer/app/public/wp-includes/class-wp-hook.php:312
[11-Feb-2020 16:07:01 UTC] PHP   5. wp_ob_end_flush_all() /Users/development/Local Sites/cajunsteamer/app/public/wp-includes/class-wp-hook.php:288
[11-Feb-2020 16:07:01 UTC] PHP   6. ob_end_flush() /Users/development/Local Sites/cajunsteamer/app/public/wp-includes/functions.php:4552
[11-Feb-2020 16:07:01 UTC] PHP   7. WpeCommon->filter_html_output() /Users/development/Local Sites/cajunsteamer/app/public/wp-includes/functions.php:4552
[11-Feb-2020 16:07:41 UTC] PHP Warning:  Invalid argument supplied for foreach() in /Users/development/Local Sites/cajunsteamer/app/public/wp-content/mu-plugins/wpengine-common/plugin.php on line 1073
[11-Feb-2020 16:07:41 UTC] PHP Stack trace:
[11-Feb-2020 16:07:41 UTC] PHP   1. shutdown_action_hook() /Users/development/Local Sites/cajunsteamer/app/public/wp-includes/load.php:0
[11-Feb-2020 16:07:41 UTC] PHP   2. do_action() /Users/development/Local Sites/cajunsteamer/app/public/wp-includes/load.php:947
[11-Feb-2020 16:07:41 UTC] PHP   3. WP_Hook->do_action() /Users/development/Local Sites/cajunsteamer/app/public/wp-includes/plugin.php:478
[11-Feb-2020 16:07:41 UTC] PHP   4. WP_Hook->apply_filters() /Users/development/Local Sites/cajunsteamer/app/public/wp-includes/class-wp-hook.php:312
[11-Feb-2020 16:07:41 UTC] PHP   5. wp_ob_end_flush_all() /Users/development/Local Sites/cajunsteamer/app/public/wp-includes/class-wp-hook.php:288
[11-Feb-2020 16:07:41 UTC] PHP   6. ob_end_flush() /Users/development/Local Sites/cajunsteamer/app/public/wp-includes/functions.php:4552
[11-Feb-2020 16:07:41 UTC] PHP   7. WpeCommon->filter_html_output() /Users/development/Local Sites/cajunsteamer/app/public/wp-includes/functions.php:4552
[11-Feb-2020 16:09:56 UTC] PHP Warning:  Invalid argument supplied for foreach() in /Users/development/Local Sites/cajunsteamer/app/public/wp-content/mu-plugins/wpengine-common/plugin.php on line 1073
[11-Feb-2020 16:09:56 UTC] PHP Stack trace:
[11-Feb-2020 16:09:56 UTC] PHP   1. shutdown_action_hook() /Users/development/Local Sites/cajunsteamer/app/public/wp-includes/load.php:0
[11-Feb-2020 16:09:56 UTC] PHP   2. do_action() /Users/development/Local Sites/cajunsteamer/app/public/wp-includes/load.php:947
[11-Feb-2020 16:09:56 UTC] PHP   3. WP_Hook->do_action() /Users/development/Local Sites/cajunsteamer/app/public/wp-includes/plugin.php:478
[11-Feb-2020 16:09:56 UTC] PHP   4. WP_Hook->apply_filters() /Users/development/Local Sites/cajunsteamer/app/public/wp-includes/class-wp-hook.php:312
[11-Feb-2020 16:09:56 UTC] PHP   5. wp_ob_end_flush_all() /Users/development/Local Sites/cajunsteamer/app/public/wp-includes/class-wp-hook.php:288
[11-Feb-2020 16:09:56 UTC] PHP   6. ob_end_flush() /Users/development/Local Sites/cajunsteamer/app/public/wp-includes/functions.php:4552
[11-Feb-2020 16:09:56 UTC] PHP   7. WpeCommon->filter_html_output() /Users/development/Local Sites/cajunsteamer/app/public/wp-includes/functions.php:4552
[11-Feb-2020 16:10:07 UTC] PHP Warning:  Invalid argument supplied for foreach() in /Users/development/Local Sites/cajunsteamer/app/public/wp-content/mu-plugins/wpengine-common/plugin.php on line 1073
[11-Feb-2020 16:10:07 UTC] PHP Stack trace:
[11-Feb-2020 16:10:07 UTC] PHP   1. shutdown_action_hook() /Users/development/Local Sites/cajunsteamer/app/public/wp-includes/load.php:0
[11-Feb-2020 16:10:07 UTC] PHP   2. do_action() /Users/development/Local Sites/cajunsteamer/app/public/wp-includes/load.php:947
[11-Feb-2020 16:10:07 UTC] PHP   3. WP_Hook->do_action() /Users/development/Local Sites/cajunsteamer/app/public/wp-includes/plugin.php:478
[11-Feb-2020 16:10:07 UTC] PHP   4. WP_Hook->apply_filters() /Users/development/Local Sites/cajunsteamer/app/public/wp-includes/class-wp-hook.php:312
[11-Feb-2020 16:10:07 UTC] PHP   5. wp_ob_end_flush_all() /Users/development/Local Sites/cajunsteamer/app/public/wp-includes/class-wp-hook.php:288
[11-Feb-2020 16:10:07 UTC] PHP   6. ob_end_flush() /Users/development/Local Sites/cajunsteamer/app/public/wp-includes/functions.php:4552
[11-Feb-2020 16:10:07 UTC] PHP   7. WpeCommon->filter_html_output() /Users/development/Local Sites/cajunsteamer/app/public/wp-includes/functions.php:4552
[11-Feb-2020 16:10:22 UTC] PHP Warning:  Invalid argument supplied for foreach() in /Users/development/Local Sites/cajunsteamer/app/public/wp-content/mu-plugins/wpengine-common/plugin.php on line 1073
[11-Feb-2020 16:10:22 UTC] PHP Stack trace:
[11-Feb-2020 16:10:22 UTC] PHP   1. shutdown_action_hook() /Users/development/Local Sites/cajunsteamer/app/public/wp-includes/load.php:0
[11-Feb-2020 16:10:22 UTC] PHP   2. do_action() /Users/development/Local Sites/cajunsteamer/app/public/wp-includes/load.php:947
[11-Feb-2020 16:10:22 UTC] PHP   3. WP_Hook->do_action() /Users/development/Local Sites/cajunsteamer/app/public/wp-includes/plugin.php:478
[11-Feb-2020 16:10:22 UTC] PHP   4. WP_Hook->apply_filters() /Users/development/Local Sites/cajunsteamer/app/public/wp-includes/class-wp-hook.php:312
[11-Feb-2020 16:10:22 UTC] PHP   5. wp_ob_end_flush_all() /Users/development/Local Sites/cajunsteamer/app/public/wp-includes/class-wp-hook.php:288
[11-Feb-2020 16:10:22 UTC] PHP   6. ob_end_flush() /Users/development/Local Sites/cajunsteamer/app/public/wp-includes/functions.php:4552
[11-Feb-2020 16:10:22 UTC] PHP   7. WpeCommon->filter_html_output() /Users/development/Local Sites/cajunsteamer/app/public/wp-includes/functions.php:4552
[11-Feb-2020 16:10:23 UTC] PHP Warning:  Invalid argument supplied for foreach() in /Users/development/Local Sites/cajunsteamer/app/public/wp-content/mu-plugins/wpengine-common/plugin.php on line 1073
[11-Feb-2020 16:10:23 UTC] PHP Stack trace:
[11-Feb-2020 16:10:23 UTC] PHP   1. shutdown_action_hook() /Users/development/Local Sites/cajunsteamer/app/public/wp-includes/load.php:0
[11-Feb-2020 16:10:23 UTC] PHP   2. do_action() /Users/development/Local Sites/cajunsteamer/app/public/wp-includes/load.php:947
[11-Feb-2020 16:10:23 UTC] PHP   3. WP_Hook->do_action() /Users/development/Local Sites/cajunsteamer/app/public/wp-includes/plugin.php:478
[11-Feb-2020 16:10:23 UTC] PHP   4. WP_Hook->apply_filters() /Users/development/Local Sites/cajunsteamer/app/public/wp-includes/class-wp-hook.php:312
[11-Feb-2020 16:10:23 UTC] PHP   5. wp_ob_end_flush_all() /Users/development/Local Sites/cajunsteamer/app/public/wp-includes/class-wp-hook.php:288
[11-Feb-2020 16:10:23 UTC] PHP   6. ob_end_flush() /Users/development/Local Sites/cajunsteamer/app/public/wp-includes/functions.php:4552
[11-Feb-2020 16:10:23 UTC] PHP   7. WpeCommon->filter_html_output() /Users/development/Local Sites/cajunsteamer/app/public/wp-includes/functions.php:4552
[11-Feb-2020 16:10:35 UTC] PHP Warning:  Invalid argument supplied for foreach() in /Users/development/Local Sites/cajunsteamer/app/public/wp-content/mu-plugins/wpengine-common/plugin.php on line 1073
[11-Feb-2020 16:10:35 UTC] PHP Stack trace:
[11-Feb-2020 16:10:35 UTC] PHP   1. shutdown_action_hook() /Users/development/Local Sites/cajunsteamer/app/public/wp-includes/load.php:0
[11-Feb-2020 16:10:35 UTC] PHP   2. do_action() /Users/development/Local Sites/cajunsteamer/app/public/wp-includes/load.php:947
[11-Feb-2020 16:10:35 UTC] PHP   3. WP_Hook->do_action() /Users/development/Local Sites/cajunsteamer/app/public/wp-includes/plugin.php:478
[11-Feb-2020 16:10:35 UTC] PHP   4. WP_Hook->apply_filters() /Users/development/Local Sites/cajunsteamer/app/public/wp-includes/class-wp-hook.php:312
[11-Feb-2020 16:10:35 UTC] PHP   5. wp_ob_end_flush_all() /Users/development/Local Sites/cajunsteamer/app/public/wp-includes/class-wp-hook.php:288
[11-Feb-2020 16:10:35 UTC] PHP   6. ob_end_flush() /Users/development/Local Sites/cajunsteamer/app/public/wp-includes/functions.php:4552
[11-Feb-2020 16:10:35 UTC] PHP   7. WpeCommon->filter_html_output() /Users/development/Local Sites/cajunsteamer/app/public/wp-includes/functions.php:4552
[11-Feb-2020 16:10:38 UTC] PHP Warning:  Invalid argument supplied for foreach() in /Users/development/Local Sites/cajunsteamer/app/public/wp-content/mu-plugins/wpengine-common/plugin.php on line 1073
[11-Feb-2020 16:10:38 UTC] PHP Stack trace:
[11-Feb-2020 16:10:38 UTC] PHP   1. shutdown_action_hook() /Users/development/Local Sites/cajunsteamer/app/public/wp-includes/load.php:0
[11-Feb-2020 16:10:38 UTC] PHP   2. do_action() /Users/development/Local Sites/cajunsteamer/app/public/wp-includes/load.php:947
[11-Feb-2020 16:10:38 UTC] PHP   3. WP_Hook->do_action() /Users/development/Local Sites/cajunsteamer/app/public/wp-includes/plugin.php:478
[11-Feb-2020 16:10:38 UTC] PHP   4. WP_Hook->apply_filters() /Users/development/Local Sites/cajunsteamer/app/public/wp-includes/class-wp-hook.php:312
[11-Feb-2020 16:10:38 UTC] PHP   5. wp_ob_end_flush_all() /Users/development/Local Sites/cajunsteamer/app/public/wp-includes/class-wp-hook.php:288
[11-Feb-2020 16:10:38 UTC] PHP   6. ob_end_flush() /Users/development/Local Sites/cajunsteamer/app/public/wp-includes/functions.php:4552
[11-Feb-2020 16:10:38 UTC] PHP   7. WpeCommon->filter_html_output() /Users/development/Local Sites/cajunsteamer/app/public/wp-includes/functions.php:4552
[11-Feb-2020 16:10:53 UTC] PHP Warning:  Invalid argument supplied for foreach() in /Users/development/Local Sites/cajunsteamer/app/public/wp-content/mu-plugins/wpengine-common/plugin.php on line 1073
[11-Feb-2020 16:10:53 UTC] PHP Stack trace:
[11-Feb-2020 16:10:53 UTC] PHP   1. shutdown_action_hook() /Users/development/Local Sites/cajunsteamer/app/public/wp-includes/load.php:0
[11-Feb-2020 16:10:53 UTC] PHP   2. do_action() /Users/development/Local Sites/cajunsteamer/app/public/wp-includes/load.php:947
[11-Feb-2020 16:10:53 UTC] PHP   3. WP_Hook->do_action() /Users/development/Local Sites/cajunsteamer/app/public/wp-includes/plugin.php:478
[11-Feb-2020 16:10:53 UTC] PHP   4. WP_Hook->apply_filters() /Users/development/Local Sites/cajunsteamer/app/public/wp-includes/class-wp-hook.php:312
[11-Feb-2020 16:10:53 UTC] PHP   5. wp_ob_end_flush_all() /Users/development/Local Sites/cajunsteamer/app/public/wp-includes/class-wp-hook.php:288
[11-Feb-2020 16:10:53 UTC] PHP   6. ob_end_flush() /Users/development/Local Sites/cajunsteamer/app/public/wp-includes/functions.php:4552
[11-Feb-2020 16:10:53 UTC] PHP   7. WpeCommon->filter_html_output() /Users/development/Local Sites/cajunsteamer/app/public/wp-includes/functions.php:4552
[11-Feb-2020 16:10:54 UTC] PHP Warning:  Invalid argument supplied for foreach() in /Users/development/Local Sites/cajunsteamer/app/public/wp-content/mu-plugins/wpengine-common/plugin.php on line 1073
[11-Feb-2020 16:10:54 UTC] PHP Stack trace:
[11-Feb-2020 16:10:54 UTC] PHP   1. shutdown_action_hook() /Users/development/Local Sites/cajunsteamer/app/public/wp-includes/load.php:0
[11-Feb-2020 16:10:54 UTC] PHP   2. do_action() /Users/development/Local Sites/cajunsteamer/app/public/wp-includes/load.php:947
[11-Feb-2020 16:10:54 UTC] PHP   3. WP_Hook->do_action() /Users/development/Local Sites/cajunsteamer/app/public/wp-includes/plugin.php:478
[11-Feb-2020 16:10:54 UTC] PHP   4. WP_Hook->apply_filters() /Users/development/Local Sites/cajunsteamer/app/public/wp-includes/class-wp-hook.php:312
[11-Feb-2020 16:10:54 UTC] PHP   5. wp_ob_end_flush_all() /Users/development/Local Sites/cajunsteamer/app/public/wp-includes/class-wp-hook.php:288
[11-Feb-2020 16:10:54 UTC] PHP   6. ob_end_flush() /Users/development/Local Sites/cajunsteamer/app/public/wp-includes/functions.php:4552
[11-Feb-2020 16:10:54 UTC] PHP   7. WpeCommon->filter_html_output() /Users/development/Local Sites/cajunsteamer/app/public/wp-includes/functions.php:4552
[11-Feb-2020 16:11:06 UTC] PHP Warning:  Invalid argument supplied for foreach() in /Users/development/Local Sites/cajunsteamer/app/public/wp-content/mu-plugins/wpengine-common/plugin.php on line 1073
[11-Feb-2020 16:11:06 UTC] PHP Stack trace:
[11-Feb-2020 16:11:06 UTC] PHP   1. shutdown_action_hook() /Users/development/Local Sites/cajunsteamer/app/public/wp-includes/load.php:0
[11-Feb-2020 16:11:06 UTC] PHP   2. do_action() /Users/development/Local Sites/cajunsteamer/app/public/wp-includes/load.php:947
[11-Feb-2020 16:11:06 UTC] PHP   3. WP_Hook->do_action() /Users/development/Local Sites/cajunsteamer/app/public/wp-includes/plugin.php:478
[11-Feb-2020 16:11:06 UTC] PHP   4. WP_Hook->apply_filters() /Users/development/Local Sites/cajunsteamer/app/public/wp-includes/class-wp-hook.php:312
[11-Feb-2020 16:11:06 UTC] PHP   5. wp_ob_end_flush_all() /Users/development/Local Sites/cajunsteamer/app/public/wp-includes/class-wp-hook.php:288
[11-Feb-2020 16:11:06 UTC] PHP   6. ob_end_flush() /Users/development/Local Sites/cajunsteamer/app/public/wp-includes/functions.php:4552
[11-Feb-2020 16:11:06 UTC] PHP   7. WpeCommon->filter_html_output() /Users/development/Local Sites/cajunsteamer/app/public/wp-includes/functions.php:4552
[11-Feb-2020 16:11:14 UTC] PHP Warning:  Invalid argument supplied for foreach() in /Users/development/Local Sites/cajunsteamer/app/public/wp-content/mu-plugins/wpengine-common/plugin.php on line 1073
[11-Feb-2020 16:11:14 UTC] PHP Stack trace:
[11-Feb-2020 16:11:14 UTC] PHP   1. shutdown_action_hook() /Users/development/Local Sites/cajunsteamer/app/public/wp-includes/load.php:0
[11-Feb-2020 16:11:14 UTC] PHP   2. do_action() /Users/development/Local Sites/cajunsteamer/app/public/wp-includes/load.php:947
[11-Feb-2020 16:11:14 UTC] PHP   3. WP_Hook->do_action() /Users/development/Local Sites/cajunsteamer/app/public/wp-includes/plugin.php:478
[11-Feb-2020 16:11:14 UTC] PHP   4. WP_Hook->apply_filters() /Users/development/Local Sites/cajunsteamer/app/public/wp-includes/class-wp-hook.php:312
[11-Feb-2020 16:11:14 UTC] PHP   5. wp_ob_end_flush_all() /Users/development/Local Sites/cajunsteamer/app/public/wp-includes/class-wp-hook.php:288
[11-Feb-2020 16:11:14 UTC] PHP   6. ob_end_flush() /Users/development/Local Sites/cajunsteamer/app/public/wp-includes/functions.php:4552
[11-Feb-2020 16:11:14 UTC] PHP   7. WpeCommon->filter_html_output() /Users/development/Local Sites/cajunsteamer/app/public/wp-includes/functions.php:4552
[11-Feb-2020 16:11:48 UTC] PHP Warning:  Invalid argument supplied for foreach() in /Users/development/Local Sites/cajunsteamer/app/public/wp-content/mu-plugins/wpengine-common/plugin.php on line 1073
[11-Feb-2020 16:11:48 UTC] PHP Stack trace:
[11-Feb-2020 16:11:48 UTC] PHP   1. shutdown_action_hook() /Users/development/Local Sites/cajunsteamer/app/public/wp-includes/load.php:0
[11-Feb-2020 16:11:48 UTC] PHP   2. do_action() /Users/development/Local Sites/cajunsteamer/app/public/wp-includes/load.php:947
[11-Feb-2020 16:11:48 UTC] PHP   3. WP_Hook->do_action() /Users/development/Local Sites/cajunsteamer/app/public/wp-includes/plugin.php:478
[11-Feb-2020 16:11:48 UTC] PHP   4. WP_Hook->apply_filters() /Users/development/Local Sites/cajunsteamer/app/public/wp-includes/class-wp-hook.php:312
[11-Feb-2020 16:11:48 UTC] PHP   5. wp_ob_end_flush_all() /Users/development/Local Sites/cajunsteamer/app/public/wp-includes/class-wp-hook.php:288
[11-Feb-2020 16:11:48 UTC] PHP   6. ob_end_flush() /Users/development/Local Sites/cajunsteamer/app/public/wp-includes/functions.php:4552
[11-Feb-2020 16:11:48 UTC] PHP   7. WpeCommon->filter_html_output() /Users/development/Local Sites/cajunsteamer/app/public/wp-includes/functions.php:4552
[11-Feb-2020 16:12:55 UTC] PHP Warning:  Invalid argument supplied for foreach() in /Users/development/Local Sites/cajunsteamer/app/public/wp-content/mu-plugins/wpengine-common/plugin.php on line 1073
[11-Feb-2020 16:12:55 UTC] PHP Stack trace:
[11-Feb-2020 16:12:55 UTC] PHP   1. {main}() /Users/development/Local Sites/cajunsteamer/app/public/wp-admin/admin.php:0
[11-Feb-2020 16:12:55 UTC] PHP   2. shutdown_action_hook() /Users/development/Local Sites/cajunsteamer/app/public/wp-includes/load.php:0
[11-Feb-2020 16:12:55 UTC] PHP   3. do_action() /Users/development/Local Sites/cajunsteamer/app/public/wp-includes/load.php:947
[11-Feb-2020 16:12:55 UTC] PHP   4. WP_Hook->do_action() /Users/development/Local Sites/cajunsteamer/app/public/wp-includes/plugin.php:478
[11-Feb-2020 16:12:55 UTC] PHP   5. WP_Hook->apply_filters() /Users/development/Local Sites/cajunsteamer/app/public/wp-includes/class-wp-hook.php:312
[11-Feb-2020 16:12:55 UTC] PHP   6. wp_ob_end_flush_all() /Users/development/Local Sites/cajunsteamer/app/public/wp-includes/class-wp-hook.php:288
[11-Feb-2020 16:12:55 UTC] PHP   7. ob_end_flush() /Users/development/Local Sites/cajunsteamer/app/public/wp-includes/functions.php:4552
[11-Feb-2020 16:12:55 UTC] PHP   8. WpeCommon->filter_html_output() /Users/development/Local Sites/cajunsteamer/app/public/wp-includes/functions.php:4552
[11-Feb-2020 16:12:59 UTC] something went wrong while purging WP Engine CDN: A valid URL was not provided.
[11-Feb-2020 16:12:59 UTC] PHP Warning:  Invalid argument supplied for foreach() in /Users/development/Local Sites/cajunsteamer/app/public/wp-content/mu-plugins/wpengine-common/plugin.php on line 1073
[11-Feb-2020 16:12:59 UTC] PHP Stack trace:
[11-Feb-2020 16:12:59 UTC] PHP   1. {main}() /Users/development/Local Sites/cajunsteamer/app/public/wp-admin/admin.php:0
[11-Feb-2020 16:12:59 UTC] PHP   2. shutdown_action_hook() /Users/development/Local Sites/cajunsteamer/app/public/wp-includes/load.php:0
[11-Feb-2020 16:12:59 UTC] PHP   3. do_action() /Users/development/Local Sites/cajunsteamer/app/public/wp-includes/load.php:947
[11-Feb-2020 16:12:59 UTC] PHP   4. WP_Hook->do_action() /Users/development/Local Sites/cajunsteamer/app/public/wp-includes/plugin.php:478
[11-Feb-2020 16:12:59 UTC] PHP   5. WP_Hook->apply_filters() /Users/development/Local Sites/cajunsteamer/app/public/wp-includes/class-wp-hook.php:312
[11-Feb-2020 16:12:59 UTC] PHP   6. wp_ob_end_flush_all() /Users/development/Local Sites/cajunsteamer/app/public/wp-includes/class-wp-hook.php:288
[11-Feb-2020 16:12:59 UTC] PHP   7. ob_end_flush() /Users/development/Local Sites/cajunsteamer/app/public/wp-includes/functions.php:4552
[11-Feb-2020 16:12:59 UTC] PHP   8. WpeCommon->filter_html_output() /Users/development/Local Sites/cajunsteamer/app/public/wp-includes/functions.php:4552
[11-Feb-2020 16:13:02 UTC] PHP Warning:  Invalid argument supplied for foreach() in /Users/development/Local Sites/cajunsteamer/app/public/wp-content/mu-plugins/wpengine-common/plugin.php on line 1073
[11-Feb-2020 16:13:02 UTC] PHP Stack trace:
[11-Feb-2020 16:13:02 UTC] PHP   1. shutdown_action_hook() /Users/development/Local Sites/cajunsteamer/app/public/wp-includes/load.php:0
[11-Feb-2020 16:13:02 UTC] PHP   2. do_action() /Users/development/Local Sites/cajunsteamer/app/public/wp-includes/load.php:947
[11-Feb-2020 16:13:02 UTC] PHP   3. WP_Hook->do_action() /Users/development/Local Sites/cajunsteamer/app/public/wp-includes/plugin.php:478
[11-Feb-2020 16:13:02 UTC] PHP   4. WP_Hook->apply_filters() /Users/development/Local Sites/cajunsteamer/app/public/wp-includes/class-wp-hook.php:312
[11-Feb-2020 16:13:02 UTC] PHP   5. wp_ob_end_flush_all() /Users/development/Local Sites/cajunsteamer/app/public/wp-includes/class-wp-hook.php:288
[11-Feb-2020 16:13:02 UTC] PHP   6. ob_end_flush() /Users/development/Local Sites/cajunsteamer/app/public/wp-includes/functions.php:4552
[11-Feb-2020 16:13:02 UTC] PHP   7. WpeCommon->filter_html_output() /Users/development/Local Sites/cajunsteamer/app/public/wp-includes/functions.php:4552
[11-Feb-2020 16:13:21 UTC] PHP Warning:  Invalid argument supplied for foreach() in /Users/development/Local Sites/cajunsteamer/app/public/wp-content/mu-plugins/wpengine-common/plugin.php on line 1073
[11-Feb-2020 16:13:21 UTC] PHP Stack trace:
[11-Feb-2020 16:13:21 UTC] PHP   1. shutdown_action_hook() /Users/development/Local Sites/cajunsteamer/app/public/wp-includes/load.php:0
[11-Feb-2020 16:13:21 UTC] PHP   2. do_action() /Users/development/Local Sites/cajunsteamer/app/public/wp-includes/load.php:947
[11-Feb-2020 16:13:21 UTC] PHP   3. WP_Hook->do_action() /Users/development/Local Sites/cajunsteamer/app/public/wp-includes/plugin.php:478
[11-Feb-2020 16:13:21 UTC] PHP   4. WP_Hook->apply_filters() /Users/development/Local Sites/cajunsteamer/app/public/wp-includes/class-wp-hook.php:312
[11-Feb-2020 16:13:21 UTC] PHP   5. wp_ob_end_flush_all() /Users/development/Local Sites/cajunsteamer/app/public/wp-includes/class-wp-hook.php:288
[11-Feb-2020 16:13:21 UTC] PHP   6. ob_end_flush() /Users/development/Local Sites/cajunsteamer/app/public/wp-includes/functions.php:4552
[11-Feb-2020 16:13:21 UTC] PHP   7. WpeCommon->filter_html_output() /Users/development/Local Sites/cajunsteamer/app/public/wp-includes/functions.php:4552
[11-Feb-2020 16:13:24 UTC] PHP Warning:  Invalid argument supplied for foreach() in /Users/development/Local Sites/cajunsteamer/app/public/wp-content/mu-plugins/wpengine-common/plugin.php on line 1073
[11-Feb-2020 16:13:24 UTC] PHP Stack trace:
[11-Feb-2020 16:13:24 UTC] PHP   1. shutdown_action_hook() /Users/development/Local Sites/cajunsteamer/app/public/wp-includes/load.php:0
[11-Feb-2020 16:13:24 UTC] PHP   2. do_action() /Users/development/Local Sites/cajunsteamer/app/public/wp-includes/load.php:947
[11-Feb-2020 16:13:24 UTC] PHP   3. WP_Hook->do_action() /Users/development/Local Sites/cajunsteamer/app/public/wp-includes/plugin.php:478
[11-Feb-2020 16:13:24 UTC] PHP   4. WP_Hook->apply_filters() /Users/development/Local Sites/cajunsteamer/app/public/wp-includes/class-wp-hook.php:312
[11-Feb-2020 16:13:24 UTC] PHP   5. wp_ob_end_flush_all() /Users/development/Local Sites/cajunsteamer/app/public/wp-includes/class-wp-hook.php:288
[11-Feb-2020 16:13:24 UTC] PHP   6. ob_end_flush() /Users/development/Local Sites/cajunsteamer/app/public/wp-includes/functions.php:4552
[11-Feb-2020 16:13:24 UTC] PHP   7. WpeCommon->filter_html_output() /Users/development/Local Sites/cajunsteamer/app/public/wp-includes/functions.php:4552
[11-Feb-2020 16:13:32 UTC] PHP Warning:  Invalid argument supplied for foreach() in /Users/development/Local Sites/cajunsteamer/app/public/wp-content/mu-plugins/wpengine-common/plugin.php on line 1073
[11-Feb-2020 16:13:32 UTC] PHP Stack trace:
[11-Feb-2020 16:13:32 UTC] PHP   1. shutdown_action_hook() /Users/development/Local Sites/cajunsteamer/app/public/wp-includes/load.php:0
[11-Feb-2020 16:13:32 UTC] PHP   2. do_action() /Users/development/Local Sites/cajunsteamer/app/public/wp-includes/load.php:947
[11-Feb-2020 16:13:32 UTC] PHP   3. WP_Hook->do_action() /Users/development/Local Sites/cajunsteamer/app/public/wp-includes/plugin.php:478
[11-Feb-2020 16:13:32 UTC] PHP   4. WP_Hook->apply_filters() /Users/development/Local Sites/cajunsteamer/app/public/wp-includes/class-wp-hook.php:312
[11-Feb-2020 16:13:32 UTC] PHP   5. wp_ob_end_flush_all() /Users/development/Local Sites/cajunsteamer/app/public/wp-includes/class-wp-hook.php:288
[11-Feb-2020 16:13:32 UTC] PHP   6. ob_end_flush() /Users/development/Local Sites/cajunsteamer/app/public/wp-includes/functions.php:4552
[11-Feb-2020 16:13:32 UTC] PHP   7. WpeCommon->filter_html_output() /Users/development/Local Sites/cajunsteamer/app/public/wp-includes/functions.php:4552
[11-Feb-2020 16:13:41 UTC] PHP Warning:  Invalid argument supplied for foreach() in /Users/development/Local Sites/cajunsteamer/app/public/wp-content/mu-plugins/wpengine-common/plugin.php on line 1073
[11-Feb-2020 16:13:41 UTC] PHP Stack trace:
[11-Feb-2020 16:13:41 UTC] PHP   1. shutdown_action_hook() /Users/development/Local Sites/cajunsteamer/app/public/wp-includes/load.php:0
[11-Feb-2020 16:13:41 UTC] PHP   2. do_action() /Users/development/Local Sites/cajunsteamer/app/public/wp-includes/load.php:947
[11-Feb-2020 16:13:41 UTC] PHP   3. WP_Hook->do_action() /Users/development/Local Sites/cajunsteamer/app/public/wp-includes/plugin.php:478
[11-Feb-2020 16:13:41 UTC] PHP   4. WP_Hook->apply_filters() /Users/development/Local Sites/cajunsteamer/app/public/wp-includes/class-wp-hook.php:312
[11-Feb-2020 16:13:41 UTC] PHP   5. wp_ob_end_flush_all() /Users/development/Local Sites/cajunsteamer/app/public/wp-includes/class-wp-hook.php:288
[11-Feb-2020 16:13:41 UTC] PHP   6. ob_end_flush() /Users/development/Local Sites/cajunsteamer/app/public/wp-includes/functions.php:4552
[11-Feb-2020 16:13:41 UTC] PHP   7. WpeCommon->filter_html_output() /Users/development/Local Sites/cajunsteamer/app/public/wp-includes/functions.php:4552
[11-Feb-2020 16:13:41 UTC] PHP Warning:  Invalid argument supplied for foreach() in /Users/development/Local Sites/cajunsteamer/app/public/wp-content/mu-plugins/wpengine-common/plugin.php on line 1073
[11-Feb-2020 16:13:41 UTC] PHP Stack trace:
[11-Feb-2020 16:13:41 UTC] PHP   1. shutdown_action_hook() /Users/development/Local Sites/cajunsteamer/app/public/wp-includes/load.php:0
[11-Feb-2020 16:13:41 UTC] PHP   2. do_action() /Users/development/Local Sites/cajunsteamer/app/public/wp-includes/load.php:947
[11-Feb-2020 16:13:41 UTC] PHP   3. WP_Hook->do_action() /Users/development/Local Sites/cajunsteamer/app/public/wp-includes/plugin.php:478
[11-Feb-2020 16:13:41 UTC] PHP   4. WP_Hook->apply_filters() /Users/development/Local Sites/cajunsteamer/app/public/wp-includes/class-wp-hook.php:312
[11-Feb-2020 16:13:41 UTC] PHP   5. wp_ob_end_flush_all() /Users/development/Local Sites/cajunsteamer/app/public/wp-includes/class-wp-hook.php:288
[11-Feb-2020 16:13:41 UTC] PHP   6. ob_end_flush() /Users/development/Local Sites/cajunsteamer/app/public/wp-includes/functions.php:4552
[11-Feb-2020 16:13:41 UTC] PHP   7. WpeCommon->filter_html_output() /Users/development/Local Sites/cajunsteamer/app/public/wp-includes/functions.php:4552
[11-Feb-2020 16:13:44 UTC] PHP Warning:  Invalid argument supplied for foreach() in /Users/development/Local Sites/cajunsteamer/app/public/wp-content/mu-plugins/wpengine-common/plugin.php on line 1073
[11-Feb-2020 16:13:44 UTC] PHP Stack trace:
[11-Feb-2020 16:13:44 UTC] PHP   1. shutdown_action_hook() /Users/development/Local Sites/cajunsteamer/app/public/wp-includes/load.php:0
[11-Feb-2020 16:13:44 UTC] PHP   2. do_action() /Users/development/Local Sites/cajunsteamer/app/public/wp-includes/load.php:947
[11-Feb-2020 16:13:44 UTC] PHP   3. WP_Hook->do_action() /Users/development/Local Sites/cajunsteamer/app/public/wp-includes/plugin.php:478
[11-Feb-2020 16:13:44 UTC] PHP   4. WP_Hook->apply_filters() /Users/development/Local Sites/cajunsteamer/app/public/wp-includes/class-wp-hook.php:312
[11-Feb-2020 16:13:44 UTC] PHP   5. wp_ob_end_flush_all() /Users/development/Local Sites/cajunsteamer/app/public/wp-includes/class-wp-hook.php:288
[11-Feb-2020 16:13:44 UTC] PHP   6. ob_end_flush() /Users/development/Local Sites/cajunsteamer/app/public/wp-includes/functions.php:4552
[11-Feb-2020 16:13:44 UTC] PHP   7. WpeCommon->filter_html_output() /Users/development/Local Sites/cajunsteamer/app/public/wp-includes/functions.php:4552
[11-Feb-2020 16:19:45 UTC] PHP Warning:  Invalid argument supplied for foreach() in /Users/development/Local Sites/cajunsteamer/app/public/wp-content/mu-plugins/wpengine-common/plugin.php on line 1073
[11-Feb-2020 16:19:45 UTC] PHP Stack trace:
[11-Feb-2020 16:19:45 UTC] PHP   1. shutdown_action_hook() /Users/development/Local Sites/cajunsteamer/app/public/wp-includes/load.php:0
[11-Feb-2020 16:19:45 UTC] PHP   2. do_action() /Users/development/Local Sites/cajunsteamer/app/public/wp-includes/load.php:947
[11-Feb-2020 16:19:45 UTC] PHP   3. WP_Hook->do_action() /Users/development/Local Sites/cajunsteamer/app/public/wp-includes/plugin.php:478
[11-Feb-2020 16:19:45 UTC] PHP   4. WP_Hook->apply_filters() /Users/development/Local Sites/cajunsteamer/app/public/wp-includes/class-wp-hook.php:312
[11-Feb-2020 16:19:45 UTC] PHP   5. wp_ob_end_flush_all() /Users/development/Local Sites/cajunsteamer/app/public/wp-includes/class-wp-hook.php:288
[11-Feb-2020 16:19:45 UTC] PHP   6. ob_end_flush() /Users/development/Local Sites/cajunsteamer/app/public/wp-includes/functions.php:4552
[11-Feb-2020 16:19:45 UTC] PHP   7. WpeCommon->filter_html_output() /Users/development/Local Sites/cajunsteamer/app/public/wp-includes/functions.php:4552
